{"numTotalTestSuites":214,"numPassedTestSuites":208,"numFailedTestSuites":6,"numPendingTestSuites":0,"numTotalTests":595,"numPassedTests":540,"numFailedTests":16,"numPendingTests":39,"numTodoTests":0,"snapshot":{"added":0,"failure":false,"filesAdded":0,"filesRemoved":0,"filesRemovedList":[],"filesUnmatched":0,"filesUpdated":0,"matched":0,"total":0,"unchecked":0,"uncheckedKeysByFile":[],"unmatched":0,"updated":0,"didUpdate":false},"startTime":1785317231793,"success":false,"testResults":[{"assertionResults":[{"ancestorTitles":["inferSubgroup — agent.limits bucket"],"fullName":"inferSubgroup — agent.limits bucket routes agent_max_actions_per_task","status":"passed","title":"routes agent_max_actions_per_task","duration":3.2597260000000006,"failureMessages":[],"meta":{}},{"ancestorTitles":["inferSubgroup — agent.limits bucket"],"fullName":"inferSubgroup — agent.limits bucket routes agent_max_elapsed_s_per_task","status":"passed","title":"routes agent_max_elapsed_s_per_task","duration":0.7875140000001011,"failureMessages":[],"meta":{}},{"ancestorTitles":["inferSubgroup — agent.limits bucket"],"fullName":"inferSubgroup — agent.limits bucket routes agent_max_llm_calls_per_task","status":"passed","title":"routes agent_max_llm_calls_per_task","duration":0.32937099999981,"failureMessages":[],"meta":{}},{"ancestorTitles":["inferSubgroup — agent.limits bucket"],"fullName":"inferSubgroup — agent.limits bucket routes agent_max_llm_calls_per_background_task","status":"passed","title":"routes agent_max_llm_calls_per_background_task","duration":0.8132369999998446,"failureMessages":[],"meta":{}},{"ancestorTitles":["inferSubgroup — agent.limits bucket"],"fullName":"inferSubgroup — agent.limits bucket routes agent_bash_timeout_s","status":"passed","title":"routes agent_bash_timeout_s","duration":0.3805850000001101,"failureMessages":[],"meta":{}},{"ancestorTitles":["inferSubgroup — agent.limits bucket"],"fullName":"inferSubgroup — agent.limits bucket routes agent_bash_output_cap_bytes","status":"passed","title":"routes agent_bash_output_cap_bytes","duration":0.7087770000000546,"failureMessages":[],"meta":{}},{"ancestorTitles":["inferSubgroup — agent.limits bucket"],"fullName":"inferSubgroup — agent.limits bucket routes agent_unbound_default","status":"passed","title":"routes agent_unbound_default","duration":0.3674060000000736,"failureMessages":[],"meta":{}},{"ancestorTitles":["inferSubgroup — agent.limits bucket"],"fullName":"inferSubgroup — agent.limits bucket does NOT route unrelated agent key to agent.limits","status":"passed","title":"does NOT route unrelated agent key to agent.limits","duration":1.1150750000001608,"failureMessages":[],"meta":{}},{"ancestorTitles":["<AgentLimitsGroup />"],"fullName":"<AgentLimitsGroup /> renders \"Агент / Межі\" heading","status":"passed","title":"renders \"Агент / Межі\" heading","duration":153.96332299999995,"failureMessages":[],"meta":{}},{"ancestorTitles":["<AgentLimitsGroup />"],"fullName":"<AgentLimitsGroup /> renders Безмежний режим toggle","status":"passed","title":"renders Безмежний режим toggle","duration":48.89888700000006,"failureMessages":[],"meta":{}},{"ancestorTitles":["<AgentLimitsGroup />"],"fullName":"<AgentLimitsGroup /> renders agent_max_actions_per_task input","status":"passed","title":"renders agent_max_actions_per_task input","duration":35.97870200000011,"failureMessages":[],"meta":{}},{"ancestorTitles":["<AgentLimitsGroup />"],"fullName":"<AgentLimitsGroup /> renders agent_max_elapsed_s_per_task input","status":"passed","title":"renders agent_max_elapsed_s_per_task input","duration":48.203303000000005,"failureMessages":[],"meta":{}},{"ancestorTitles":["<AgentLimitsGroup />"],"fullName":"<AgentLimitsGroup /> renders agent_max_llm_calls_per_task input","status":"passed","title":"renders agent_max_llm_calls_per_task input","duration":37.95033599999988,"failureMessages":[],"meta":{}},{"ancestorTitles":["<AgentLimitsGroup />"],"fullName":"<AgentLimitsGroup /> renders agent_max_llm_calls_per_background_task input","status":"passed","title":"renders agent_max_llm_calls_per_background_task input","duration":30.876711999999998,"failureMessages":[],"meta":{}},{"ancestorTitles":["<AgentLimitsGroup />"],"fullName":"<AgentLimitsGroup /> renders agent_bash_timeout_s input","status":"passed","title":"renders agent_bash_timeout_s input","duration":19.089304000000084,"failureMessages":[],"meta":{}},{"ancestorTitles":["<AgentLimitsGroup />"],"fullName":"<AgentLimitsGroup /> renders agent_bash_output_cap_bytes input","status":"passed","title":"renders agent_bash_output_cap_bytes input","duration":25.99163499999986,"failureMessages":[],"meta":{}},{"ancestorTitles":["<AgentLimitsGroup />"],"fullName":"<AgentLimitsGroup /> toggling Безмежний режим ON calls onChange for 3 caps with 0","status":"passed","title":"toggling Безмежний режим ON calls onChange for 3 caps with 0","duration":31.118543000000045,"failureMessages":[],"meta":{}},{"ancestorTitles":["<AgentLimitsGroup />"],"fullName":"<AgentLimitsGroup /> toggling Безмежний режим ON disables the 3 cap inputs","status":"passed","title":"toggling Безмежний режим ON disables the 3 cap inputs","duration":172.70827699999995,"failureMessages":[],"meta":{}},{"ancestorTitles":["<AgentLimitsGroup />"],"fullName":"<AgentLimitsGroup /> numeric input changes call onChange with correct key+value","status":"passed","title":"numeric input changes call onChange with correct key+value","duration":28.065810000000056,"failureMessages":[],"meta":{}},{"ancestorTitles":["settingsStore.bulkSet — unbound zeroing"],"fullName":"settingsStore.bulkSet — unbound zeroing bulkSet zeroes action+LLM caps while preserving other values","status":"passed","title":"bulkSet zeroes action+LLM caps while preserving other values","duration":0.8306010000001152,"failureMessages":[],"meta":{}}],"startTime":1785317236285,"endTime":1785317236927.8306,"status":"passed","message":"","name":"/home/kyrylo/phantom_ai/PHANTOM_OS_BLUEPRINT/phantom-os/src/frontend/src/__tests__/AgentLimitsSettings.test.tsx"},{"assertionResults":[{"ancestorTitles":["AgentRoster"],"fullName":"AgentRoster renders all 5 chips from an empty store","status":"passed","title":"renders all 5 chips from an empty store","duration":125.543991,"failureMessages":[],"meta":{}},{"ancestorTitles":["AgentRoster"],"fullName":"AgentRoster clicking Background chip sets useUIStore.focusedAgent to \"background\"","status":"passed","title":"clicking Background chip sets useUIStore.focusedAgent to \"background\"","duration":53.62001099999998,"failureMessages":[],"meta":{}},{"ancestorTitles":["AgentRoster"],"fullName":"AgentRoster aria-pressed=true only on the focused chip","status":"passed","title":"aria-pressed=true only on the focused chip","duration":55.24341800000002,"failureMessages":[],"meta":{}},{"ancestorTitles":["AgentRoster"],"fullName":"AgentRoster Foreground chip has active dot when status=running and currentTask is set","status":"passed","title":"Foreground chip has active dot when status=running and currentTask is set","duration":31.49983800000018,"failureMessages":[],"meta":{}},{"ancestorTitles":["AgentRoster"],"fullName":"AgentRoster Council chip has active dot when councilActive=true","status":"passed","title":"Council chip has active dot when councilActive=true","duration":30.164657000000034,"failureMessages":[],"meta":{}},{"ancestorTitles":["AgentRoster"],"fullName":"AgentRoster compact mode (chrome.roster=true) renders shorter chips without text labels","status":"passed","title":"compact mode (chrome.roster=true) renders shorter chips without text labels","duration":61.83545600000002,"failureMessages":[],"meta":{}},{"ancestorTitles":["AgentRoster"],"fullName":"AgentRoster full mode (chrome.roster=false) renders chips with text labels","status":"passed","title":"full mode (chrome.roster=false) renders chips with text labels","duration":30.596071000000165,"failureMessages":[],"meta":{}},{"ancestorTitles":["AgentRoster"],"fullName":"AgentRoster container has data-testid=\"agent-roster\"","status":"passed","title":"container has data-testid=\"agent-roster\"","duration":28.618496999999934,"failureMessages":[],"meta":{}}],"startTime":1785317235141,"endTime":1785317235558.6184,"status":"passed","message":"","name":"/home/kyrylo/phantom_ai/PHANTOM_OS_BLUEPRINT/phantom-os/src/frontend/src/__tests__/AgentRoster.test.tsx"},{"assertionResults":[{"ancestorTitles":["T2 — AgentCommandCenter Plan button"],"fullName":"T2 — AgentCommandCenter Plan button renders \"✎ План\" button when task is active and handler provided","status":"failed","title":"renders \"✎ План\" button when task is active and handler provided","duration":147.59202800000025,"failureMessages":["TestingLibraryElementError: Unable to find an element by: [data-testid=\"plan-editor-trigger\"]\n\nIgnored nodes: comments, script, style\n\u001b[36m<body>\u001b[39m\n  \u001b[36m<div>\u001b[39m\n    \u001b[36m<div\u001b[39m\n      \u001b[33mclass\u001b[39m=\u001b[32m\"flex items-end gap-3 px-3 py-1.5 relative z-50 pointer-events-auto transition-all duration-300\"\u001b[39m\n      \u001b[33mstyle\u001b[39m=\u001b[32m\"border-radius: 24px; width: 100%; max-width: 800px; min-height: 52px; background: rgba(255, 255, 255, 0.98); border: 1px solid rgba(120, 70, 10, 0.15); box-shadow: 0 12px 40px rgba(0,0,0,0.12), inset 0 1px 0 rgba(255,255,255,0.8);\"\u001b[39m\n    \u001b[36m>\u001b[39m\n      \u001b[36m<div\u001b[39m\n        \u001b[33mclass\u001b[39m=\u001b[32m\"flex items-center gap-1 shrink-0 mb-1\"\u001b[39m\n      \u001b[36m>\u001b[39m\n        \u001b[36m<button\u001b[39m\n          \u001b[33mclass\u001b[39m=\u001b[32m\"w-9 h-9 flex items-center justify-center hover:bg-black/5 rounded-xl text-amber-900/60 hover:text-primary transition-all active:scale-90\"\u001b[39m\n          \u001b[33mtitle\u001b[39m=\u001b[32m\"Історія\"\u001b[39m\n        \u001b[36m>\u001b[39m\n          \u001b[36m<svg\u001b[39m\n            \u001b[33maria-hidden\u001b[39m=\u001b[32m\"true\"\u001b[39m\n            \u001b[33mclass\u001b[39m=\u001b[32m\"lucide lucide-history\"\u001b[39m\n            \u001b[33mfill\u001b[39m=\u001b[32m\"none\"\u001b[39m\n            \u001b[33mheight\u001b[39m=\u001b[32m\"18\"\u001b[39m\n            \u001b[33mstroke\u001b[39m=\u001b[32m\"currentColor\"\u001b[39m\n            \u001b[33mstroke-linecap\u001b[39m=\u001b[32m\"round\"\u001b[39m\n            \u001b[33mstroke-linejoin\u001b[39m=\u001b[32m\"round\"\u001b[39m\n            \u001b[33mstroke-width\u001b[39m=\u001b[32m\"2\"\u001b[39m\n            \u001b[33mviewBox\u001b[39m=\u001b[32m\"0 0 24 24\"\u001b[39m\n            \u001b[33mwidth\u001b[39m=\u001b[32m\"18\"\u001b[39m\n            \u001b[33mxmlns\u001b[39m=\u001b[32m\"http://www.w3.org/2000/svg\"\u001b[39m\n          \u001b[36m>\u001b[39m\n            \u001b[36m<path\u001b[39m\n              \u001b[33md\u001b[39m=\u001b[32m\"M3 12a9 9 0 1 0 9-9 9.75 9.75 0 0 0-6.74 2.74L3 8\"\u001b[39m\n            \u001b[36m/>\u001b[39m\n            \u001b[36m<path\u001b[39m\n              \u001b[33md\u001b[39m=\u001b[32m\"M3 3v5h5\"\u001b[39m\n            \u001b[36m/>\u001b[39m\n            \u001b[36m<path\u001b[39m\n              \u001b[33md\u001b[39m=\u001b[32m\"M12 7v5l4 2\"\u001b[39m\n            \u001b[36m/>\u001b[39m\n          \u001b[36m</svg>\u001b[39m\n        \u001b[36m</button>\u001b[39m\n        \u001b[36m<button\u001b[39m\n          \u001b[33mclass\u001b[39m=\u001b[32m\"w-9 h-9 flex items-center justify-center hover:bg-black/5 rounded-xl text-amber-900/60 hover:text-primary transition-all active:scale-90\"\u001b[39m\n          \u001b[33mtitle\u001b[39m=\u001b[32m\"Паралельний чат\"\u001b[39m\n        \u001b[36m>\u001b[39m\n          \u001b[36m<svg\u001b[39m\n            \u001b[33maria-hidden\u001b[39m=\u001b[32m\"true\"\u001b[39m\n            \u001b[33mclass\u001b[39m=\u001b[32m\"lucide lucide-message-circle\"\u001b[39m\n            \u001b[33mfill\u001b[39m=\u001b[32m\"none\"\u001b[39m\n            \u001b[33mheight\u001b[39m=\u001b[32m\"18\"\u001b[39m\n            \u001b[33mstroke\u001b[39m=\u001b[32m\"currentColor\"\u001b[39m\n            \u001b[33mstroke-linecap\u001b[39m=\u001b[32m\"round\"\u001b[39m\n            \u001b[33mstroke-linejoin\u001b[39m=\u001b[32m\"round\"\u001b[39m\n            \u001b[33mstroke-width\u001b[39m=\u001b[32m\"2\"\u001b[39m\n            \u001b[33mviewBox\u001b[39m=\u001b[32m\"0 0 24 24\"\u001b[39m\n            \u001b[33mwidth\u001b[39m=\u001b[32m\"18\"\u001b[39m\n            \u001b[33mxmlns\u001b[39m=\u001b[32m\"http://www.w3.org/2000/svg\"\u001b[39m\n          \u001b[36m>\u001b[39m\n            \u001b[36m<path\u001b[39m\n              \u001b[33md\u001b[39m=\u001b[32m\"M2.992 16.342a2 2 0 0 1 .094 1.167l-1.065 3.29a1 1 0 0 0 1.236 1.168l3.413-.998a2 2 0 0 1 1.099.092 10 10 0 1 0-4.777-4.719\"\u001b[39m\n            \u001b[36m/>\u001b[39m\n          \u001b[36m</svg>\u001b[39m\n        \u001b[36m</button>\u001b[39m\n      \u001b[36m</div>\u001b[39m\n      \u001b[36m<div\u001b[39m\n        \u001b[33mclass\u001b[39m=\u001b[32m\"w-px h-6 bg-amber-900/10 mx-0.5 mb-2\"\u001b[39m\n      \u001b[36m/>\u001b[39m\n      \u001b[36m<div\u001b[39m\n        \u001b[33mclass\u001b[39m=\u001b[32m\"flex-1 flex items-end gap-2 bg-black/[0.04] rounded-xl px-3 py-2 border border-black/5 focus-within:border-primary/40 transition-all mb-0.5\"\u001b[39m\n      \u001b[36m>\u001b[39m\n        \u001b[36m<button\u001b[39m\n          \u001b[33mclass\u001b[39m=\u001b[32m\"flex items-center justify-center rounded-full transition-all shrink-0 mb-0.5 text-primary/60 hover:text-primary\"\u001b[39m\n          \u001b[33mstyle\u001b[39m=\u001b[32m\"width: 28px; height: 28px;\"\u001b[39m\n        \u001b[36m>\u001b[39m\n          \u001b[36m<svg\u001b[39m\n            \u001b[33maria-hidden\u001b[39m=\u001b[32m\"true\"\u001b[39m\n            \u001b[33mclass\u001b[39m=\u001b[32m\"lucide lucide-mic\"\u001b[39m\n            \u001b[33mfill\u001b[39m=\u001b[32m\"none\"\u001b[39m\n            \u001b[33mheight\u001b[39m=\u001b[32m\"18\"\u001b[39m\n            \u001b[33mstroke\u001b[39m=\u001b[32m\"currentColor\"\u001b[39m\n            \u001b[33mstroke-linecap\u001b[39m=\u001b[32m\"round\"\u001b[39m\n            \u001b[33mstroke-linejoin\u001b[39m=\u001b[32m\"round\"\u001b[39m\n            \u001b[33mstroke-width\u001b[39m=\u001b[32m\"2\"\u001b[39m\n            \u001b[33mviewBox\u001b[39m=\u001b[32m\"0 0 24 24\"\u001b[39m\n            \u001b[33mwidth\u001b[39m=\u001b[32m\"18\"\u001b[39m\n            \u001b[33mxmlns\u001b[39m=\u001b[32m\"http://www.w3.org/2000/svg\"\u001b[39m\n          \u001b[36m>\u001b[39m\n            \u001b[36m<path\u001b[39m\n              \u001b[33md\u001b[39m=\u001b[32m\"M12 19v3\"\u001b[39m\n            \u001b[36m/>\u001b[39m\n            \u001b[36m<path\u001b[39m\n              \u001b[33md\u001b[39m=\u001b[32m\"M19 10v2a7 7 0 0 1-14 0v-2\"\u001b[39m\n            \u001b[36m/>\u001b[39m\n            \u001b[36m<rect\u001b[39m\n              \u001b[33mheight\u001b[39m=\u001b[32m\"13\"\u001b[39m\n              \u001b[33mrx\u001b[39m=\u001b[32m\"3\"\u001b[39m\n              \u001b[33mwidth\u001b[39m=\u001b[32m\"6\"\u001b[39m\n              \u001b[33mx\u001b[39m=\u001b[32m\"9\"\u001b[39m\n              \u001b[33my\u001b[39m=\u001b[32m\"2\"\u001b[39m\n            \u001b[36m/>\u001b[39m\n          \u001b[36m</svg>\u001b[39m\n        \u001b[36m</button>\u001b[39m\n        \u001b[36m<textarea\u001b[39m\n          \u001b[33mclass\u001b[39m=\u001b[32m\"flex-1 bg-transparent border-none outline-none py-0.5 text-[14px] font-display font-medium tracking-tight text-slate-800 placeholder:text-slate-400 placeholder:italic resize-none overflow-y-auto scrollbar-none\"\u001b[39m\n          \u001b[33mdisabled\u001b[39m=\u001b[32m\"\"\u001b[39m\n          \u001b[33mplaceholder\u001b[39m=\u001b[32m\"АКТИВНИЙ ПРОТОКОЛ: RUNNING...\"\u001b[39m\n          \u001b[33mrows\u001b[39m=\u001b[32m\"1\"\u001b[39m\n          \u001b[33mstyle\u001b[39m=\u001b[32m\"height: 0px;\"\u001b[39m\n        \u001b[36m/>\u001b[39m\n      \u001b[36m</div>\u001b[39m\n      \u001b[36m<div\u001b[39m\n        \u001b[33mclass\u001b[39m=\u001b[32m\"flex items-center gap-1.5 shrink-0 mb-1\"\u001b[39m\n      \u001b[36m>\u001b[39m\n        \u001b[36m<button\u001b[39m\n          \u001b[33mclass\u001b[39m=\u001b[32m\"flex items-center justify-center transition-all hover:bg-black/5 active:scale-90\"\u001b[39m\n          \u001b[33mstyle\u001b[39m=\u001b[32m\"width: 30px; height: 30px; border-radius: 10px; color: var(--primary); border: 1px solid color-mix(in srgb, var(--primary) 20%, transparent); background: color-mix(in srgb, var(--primary) 5%, transparent);\"\u001b[39m\n        \u001b[36m>\u001b[39m\n          \u001b[36m<svg\u001b[39m\n            \u001b[33maria-hidden\u001b[39m=\u001b[32m\"true\"\u001b[39m\n            \u001b[33mclass\u001b[39m=\u001b[32m\"lucide lucide-pause\"\u001b[39m\n            \u001b[33mfill\u001b[39m=\u001b[32m\"currentColor\"\u001b[39m\n            \u001b[33mheight\u001b[39m=\u001b[32m\"16\"\u001b[39m\n            \u001b[33mstroke\u001b[39m=\u001b[32m\"currentColor\"\u001b[39m\n            \u001b[33mstroke-linecap\u001b[39m=\u001b[32m\"round\"\u001b[39m\n            \u001b[33mstroke-linejoin\u001b[39m=\u001b[32m\"round\"\u001b[39m\n            \u001b[33mstroke-width\u001b[39m=\u001b[32m\"2\"\u001b[39m\n            \u001b[33mviewBox\u001b[39m=\u001b[32m\"0 0 24 24\"\u001b[39m\n            \u001b[33mwidth\u001b[39m=\u001b[32m\"16\"\u001b[39m\n            \u001b[33mxmlns\u001b[39m=\u001b[32m\"http://www.w3.org/2000/svg\"\u001b[39m\n          \u001b[36m>\u001b[39m\n            \u001b[36m<rect\u001b[39m\n              \u001b[33mheight\u001b[39m=\u001b[32m\"18\"\u001b[39m\n              \u001b[33mrx\u001b[39m=\u001b[32m\"1\"\u001b[39m\n              \u001b[33mwidth\u001b[39m=\u001b[32m\"5\"\u001b[39m\n              \u001b[33mx\u001b[39m=\u001b[32m\"14\"\u001b[39m\n              \u001b[33my\u001b[39m=\u001b[32m\"3\"\u001b[39m\n            \u001b[36m/>\u001b[39m\n            \u001b[36m<rect\u001b[39m\n              \u001b[33mheight\u001b[39m=\u001b[32m\"18\"\u001b[39m\n              \u001b[33mrx\u001b[39m=\u001b[32m\"1\"\u001b[39m\n              \u001b[33mwidth\u001b[39m=\u001b[32m\"5\"\u001b[39m\n              \u001b[33mx\u001b[39m=\u001b[32m\"5\"\u001b[39m\n              \u001b[33my\u001b[39m=\u001b[32m\"3\"\u001b[39m\n            \u001b[36m/>\u001b[39m\n          \u001b[36m</svg>\u001b[39m\n        \u001b[36m</button>\u001b[39m\n        \u001b[36m<button\u001b[39m\n          \u001b[33mclass\u001b[39m=\u001b[32m\"flex items-center justify-center transition-all hover:bg-black/5 active:scale-90\"\u001b[39m\n          \u001b[33mstyle\u001b[39m=\u001b[32m\"width: 30px; height: 30px; border-radius: 10px; color: var(--signal-alert); border: 1px solid color-mix(in srgb, var(--signal-alert) 20%, transparent); background: color-mix(in srgb, var(--signal-alert) 5%, transparent);\"\u001b[39m\n        \u001b[36m>\u001b[39m\n          \u001b[36m<svg\u001b[39m\n            \u001b[33maria-hidden\u001b[39m=\u001b[32m\"true\"\u001b[39m\n            \u001b[33mclass\u001b[39m=\u001b[32m\"lucide lucide-octagon-x\"\u001b[39m\n            \u001b[33mfill\u001b[39m=\u001b[32m\"none\"\u001b[39m\n            \u001b[33mheight\u001b[39m=\u001b[32m\"16\"\u001b[39m\n            \u001b[33mstroke\u001b[39m=\u001b[32m\"currentColor\"\u001b[39m\n            \u001b[33mstroke-linecap\u001b[39m=\u001b[32m\"round\"\u001b[39m\n            \u001b[33mstroke-linejoin\u001b[39m=\u001b[32m\"round\"\u001b[39m\n            \u001b[33mstroke-width\u001b[39m=\u001b[32m\"2\"\u001b[39m\n            \u001b[33mviewBox\u001b[39m=\u001b[32m\"0 0 24 24\"\u001b[39m\n            \u001b[33mwidth\u001b[39m=\u001b[32m\"16\"\u001b[39m\n            \u001b[33mxmlns\u001b[39m=\u001b[32m\"http://www.w3.org/2000/svg\"\u001b[39m\n          \u001b[36m>\u001b[39m\n            \u001b[36m<path\u001b[39m\n              \u001b[33md\u001b[39m=\u001b[32m\"m15 9-6 6\"\u001b[39m\n            \u001b[36m/>\u001b[39m\n            \u001b[36m<path\u001b[39m\n              \u001b[33md\u001b[39m=\u001b[32m\"M2.586 16.726A2 2 0 0 1 2 15.312V8.688a2 2 0 0 1 .586-1.414l4.688-4.688A2 2 0 0 1 8.688 2h6.624a2 2 0 0 1 1.414.586l4.688 4.688A2 2 0 0 1 22 8.688v6.624a2 2 0 0 1-.586 1.414l-4.688 4.688a2 2 0 0 1-1.414.586H8.688a2 2 0 0 1-1.414-.586z\"\u001b[39m\n            \u001b[36m/>\u001b[39m\n            \u001b[36m<path\u001b[39m\n              \u001b[33md\u001b[39m=\u001b[32m\"m9 9 6 6\"\u001b[39m\n            \u001b[36m/>\u001b[39m\n          \u001b[36m</svg>\u001b[39m\n        \u001b[36m</button>\u001b[39m\n      \u001b[36m</div>\u001b[39m\n    \u001b[36m</div>\u001b[39m\n  \u001b[36m</div>\u001b[39m\n\u001b[36m</body>\u001b[39m\n    at Object.getElementError (/home/kyrylo/phantom_ai/PHANTOM_OS_BLUEPRINT/phantom-os/src/frontend/node_modules/@testing-library/dom/dist/config.js:37:19)\n    at /home/kyrylo/phantom_ai/PHANTOM_OS_BLUEPRINT/phantom-os/src/frontend/node_modules/@testing-library/dom/dist/query-helpers.js:76:38\n    at /home/kyrylo/phantom_ai/PHANTOM_OS_BLUEPRINT/phantom-os/src/frontend/node_modules/@testing-library/dom/dist/query-helpers.js:52:17\n    at /home/kyrylo/phantom_ai/PHANTOM_OS_BLUEPRINT/phantom-os/src/frontend/node_modules/@testing-library/dom/dist/query-helpers.js:95:19\n    at /home/kyrylo/phantom_ai/PHANTOM_OS_BLUEPRINT/phantom-os/src/frontend/src/__tests__/AgentV5.test.tsx:154:24\n    at file:///home/kyrylo/phantom_ai/PHANTOM_OS_BLUEPRINT/phantom-os/src/frontend/node_modules/@vitest/runner/dist/index.js:146:14\n    at file:///home/kyrylo/phantom_ai/PHANTOM_OS_BLUEPRINT/phantom-os/src/frontend/node_modules/@vitest/runner/dist/index.js:533:11\n    at runWithTimeout (file:///home/kyrylo/phantom_ai/PHANTOM_OS_BLUEPRINT/phantom-os/src/frontend/node_modules/@vitest/runner/dist/index.js:39:7)\n    at runTest (file:///home/kyrylo/phantom_ai/PHANTOM_OS_BLUEPRINT/phantom-os/src/frontend/node_modules/@vitest/runner/dist/index.js:1056:17)\n    at processTicksAndRejections (node:internal/process/task_queues:104:5)"],"meta":{}},{"ancestorTitles":["T2 — AgentCommandCenter Plan button"],"fullName":"T2 — AgentCommandCenter Plan button does not render Plan button when no task is active","status":"passed","title":"does not render Plan button when no task is active","duration":27.691276000000016,"failureMessages":[],"meta":{}},{"ancestorTitles":["T2 — AgentCommandCenter Plan button"],"fullName":"T2 — AgentCommandCenter Plan button does not render Plan button when handler is not provided","status":"passed","title":"does not render Plan button when handler is not provided","duration":17.259172000000035,"failureMessages":[],"meta":{}},{"ancestorTitles":["T3 — OperatorLayout conversation vs telemetry"],"fullName":"T3 — OperatorLayout conversation vs telemetry conversation mode: main column readable (col-span-9), no peek crush","status":"failed","title":"conversation mode: main column readable (col-span-9), no peek crush","duration":59.96615799999972,"failureMessages":["TestingLibraryElementError: Unable to find an element by: [data-testid=\"main-stream-column\"]\n\nIgnored nodes: comments, script, style\n\u001b[36m<body\u001b[39m\n  \u001b[33mdata-substate\u001b[39m=\u001b[32m\"idle\"\u001b[39m\n\u001b[36m>\u001b[39m\n  \u001b[36m<div>\u001b[39m\n    \u001b[36m<div\u001b[39m\n      \u001b[33manimate\u001b[39m=\u001b[32m\"[object Object]\"\u001b[39m\n      \u001b[33mclass\u001b[39m=\u001b[32m\"w-[1024px] h-[600px] flex flex-col relative overflow-hidden bg-surface-sunrise\"\u001b[39m\n      \u001b[33mdata-testid\u001b[39m=\u001b[32m\"operator-layout\"\u001b[39m\n      \u001b[33mexit\u001b[39m=\u001b[32m\"[object Object]\"\u001b[39m\n      \u001b[33minitial\u001b[39m=\u001b[32m\"[object Object]\"\u001b[39m\n      \u001b[33mstyle\u001b[39m=\u001b[32m\"opacity: 1;\"\u001b[39m\n      \u001b[33mtransition\u001b[39m=\u001b[32m\"[object Object]\"\u001b[39m\n    \u001b[36m>\u001b[39m\n      \u001b[36m<header\u001b[39m\n        \u001b[33mclass\u001b[39m=\u001b[32m\"shrink-0 z-30 flex flex-col\"\u001b[39m\n      \u001b[36m>\u001b[39m\n        \u001b[36m<div\u001b[39m\n          \u001b[33mclass\u001b[39m=\u001b[32m\"flex items-center justify-between pr-4 bg-black/5 backdrop-blur-md border-b border-white/5\"\u001b[39m\n        \u001b[36m>\u001b[39m\n          \u001b[36m<div\u001b[39m\n            \u001b[33mdata-testid\u001b[39m=\u001b[32m\"status-bar-stub\"\u001b[39m\n          \u001b[36m/>\u001b[39m\n          \u001b[36m<div\u001b[39m\n            \u001b[33mclass\u001b[39m=\u001b[32m\"flex items-center gap-4 px-4 py-1.5 rounded-full bg-black/10 border border-white/5 shadow-inner\"\u001b[39m\n          \u001b[36m>\u001b[39m\n            \u001b[36m<div\u001b[39m\n              \u001b[33mclass\u001b[39m=\u001b[32m\"relative inline-block text-left select-none\"\u001b[39m\n            \u001b[36m>\u001b[39m\n              \u001b[36m<button\u001b[39m\n                \u001b[33mclass\u001b[39m=\u001b[32m\"flex items-center gap-2 px-3 py-1.5 rounded-full bg-white/5 hover:bg-white/10 border border-white/10 transition-all active:scale-95 text-xs text-ink-primary\"\u001b[39m\n                \u001b[33mtype\u001b[39m=\u001b[32m\"button\"\u001b[39m\n              \u001b[36m>\u001b[39m\n                \u001b[36m<svg\u001b[39m\n                  \u001b[33maria-hidden\u001b[39m=\u001b[32m\"true\"\u001b[39m\n                  \u001b[33mclass\u001b[39m=\u001b[32m\"lucide lucide-building2 lucide-building-2 text-amber-400\"\u001b[39m\n                  \u001b[33mfill\u001b[39m=\u001b[32m\"none\"\u001b[39m\n                  \u001b[33mheight\u001b[39m=\u001b[32m\"14\"\u001b[39m\n                  \u001b[33mstroke\u001b[39m=\u001b[32m\"currentColor\"\u001b[39m\n                  \u001b[33mstroke-linecap\u001b[39m=\u001b[32m\"round\"\u001b[39m\n                  \u001b[33mstroke-linejoin\u001b[39m=\u001b[32m\"round\"\u001b[39m\n                  \u001b[33mstroke-width\u001b[39m=\u001b[32m\"2\"\u001b[39m\n                  \u001b[33mviewBox\u001b[39m=\u001b[32m\"0 0 24 24\"\u001b[39m\n                  \u001b[33mwidth\u001b[39m=\u001b[32m\"14\"\u001b[39m\n                  \u001b[33mxmlns\u001b[39m=\u001b[32m\"http://www.w3.org/2000/svg\"\u001b[39m\n                \u001b[36m>\u001b[39m\n                  \u001b[36m<path\u001b[39m\n                    \u001b[33md\u001b[39m=\u001b[32m\"M10 12h4\"\u001b[39m\n                  \u001b[36m/>\u001b[39m\n                  \u001b[36m<path\u001b[39m\n                    \u001b[33md\u001b[39m=\u001b[32m\"M10 8h4\"\u001b[39m\n                  \u001b[36m/>\u001b[39m\n                  \u001b[36m<path\u001b[39m\n                    \u001b[33md\u001b[39m=\u001b[32m\"M14 21v-3a2 2 0 0 0-4 0v3\"\u001b[39m\n                  \u001b[36m/>\u001b[39m\n                  \u001b[36m<path\u001b[39m\n                    \u001b[33md\u001b[39m=\u001b[32m\"M6 10H4a2 2 0 0 0-2 2v7a2 2 0 0 0 2 2h16a2 2 0 0 0 2-2V9a2 2 0 0 0-2-2h-2\"\u001b[39m\n                  \u001b[36m/>\u001b[39m\n                  \u001b[36m<path\u001b[39m\n                    \u001b[33md\u001b[39m=\u001b[32m\"M6 21V5a2 2 0 0 1 2-2h8a2 2 0 0 1 2 2v16\"\u001b[39m\n                  \u001b[36m/>\u001b[39m\n                \u001b[36m</svg>\u001b[39m\n                \u001b[36m<span\u001b[39m\n                  \u001b[33mclass\u001b[39m=\u001b[32m\"font-medium tracking-wide\"\u001b[39m\n                \u001b[36m/>\u001b[39m\n                \u001b[36m<span\u001b[39m\n                  \u001b[33mclass\u001b[39m=\u001b[32m\"flex items-center gap-1 px-1.5 py-0.5 rounded-full text-[10px] font-semibold bg-amber-500/20 text-amber-300 border border-amber-500/30\"\u001b[39m\n                \u001b[36m>\u001b[39m\n                  \u001b[36m<svg\u001b[39m\n                    \u001b[33maria-hidden\u001b[39m=\u001b[32m\"true\"\u001b[39m\n                    \u001b[33mclass\u001b[39m=\u001b[32m\"lucide lucide-zap\"\u001b[39m\n                    \u001b[33mfill\u001b[39m=\u001b[32m\"none\"\u001b[39m\n                    \u001b[33mheight\u001b[39m=\u001b[32m\"10\"\u001b[39m\n                    \u001b[33mstroke\u001b[39m=\u001b[32m\"currentColor\"\u001b[39m\n                    \u001b[33mstroke-linecap\u001b[39m=\u001b[32m\"round\"\u001b[39m\n                    \u001b[33mstroke-linejoin\u001b[39m=\u001b[32m\"round\"\u001b[39m\n                    \u001b[33mstroke-width\u001b[39m=\u001b[32m\"2\"\u001b[39m\n                    \u001b[33mviewBox\u001b[39m=\u001b[32m\"0 0 24 24\"\u001b[39m\n                    \u001b[33mwidth\u001b[39m=\u001b[32m\"10\"\u001b[39m\n                    \u001b[33mxmlns\u001b[39m=\u001b[32m\"http://www.w3.org/2000/svg\"\u001b[39m\n                  \u001b[36m>\u001b[39m\n                    \u001b[36m<path\u001b[39m\n                      \u001b[33md\u001b[39m=\u001b[32m\"M4 14a1 1 0 0 1-.78-1.63l9.9-10.2a.5.5 0 0 1 .86.46l-1.92 6.02A1 1 0 0 0 13 10h7a1 1 0 0 1 .78 1.63l-9.9 10.2a.5.5 0 0 1-.86-.46l1.92-6.02A1 1 0 0 0 11 14z\"\u001b[39m\n                    \u001b[36m/>\u001b[39m\n                  \u001b[36m</svg>\u001b[39m\n                  \u001b[0mPRO\u001b[0m\n                \u001b[36m</span>\u001b[39m\n                \u001b[36m<svg\u001b[39m\n                  \u001b[33maria-hidden\u001b[39m=\u001b[32m\"true\"\u001b[39m\n                  \u001b[33mclass\u001b[39m=\u001b[32m\"lucide lucide-chevron-down transition-transform\"\u001b[39m\n                  \u001b[33mfill\u001b[39m=\u001b[32m\"none\"\u001b[39m\n                  \u001b[33mheight\u001b[39m=\u001b[32m\"12\"\u001b[39m\n                  \u001b[33mstroke\u001b[39m=\u001b[32m\"currentColor\"\u001b[39m\n                  \u001b[33mstroke-linecap\u001b[39m=\u001b[32m\"round\"\u001b[39m\n                  \u001b[33mstroke-linejoin\u001b[39m=\u001b[32m\"round\"\u001b[39m\n                  \u001b[33mstroke-width\u001b[39m=\u001b[32m\"2\"\u001b[39m\n                  \u001b[33mviewBox\u001b[39m=\u001b[32m\"0 0 24 24\"\u001b[39m\n                  \u001b[33mwidth\u001b[39m=\u001b[32m\"12\"\u001b[39m\n                  \u001b[33mxmlns\u001b[39m=\u001b[32m\"http://www.w3.org/2000/svg\"\u001b[39m\n                \u001b[36m>\u001b[39m\n                  \u001b[36m<path\u001b[39m\n                    \u001b[33md\u001b[39m=\u001b[32m\"m6 9 6 6 6-6\"\u001b[39m\n                  \u001b[36m/>\u001b[39m\n                \u001b[36m</svg>\u001b[39m\n              \u001b[36m</button>\u001b[39m\n            \u001b[36m</div>\u001b[39m\n            \u001b[36m<div\u001b[39m\n              \u001b[33mclass\u001b[39m=\u001b[32m\"flex flex-col border-l border-white/10 pl-3\"\u001b[39m\n            \u001b[36m>\u001b[39m\n              \u001b[36m<span\u001b[39m\n                \u001b[33mclass\u001b[39m=\u001b[32m\"text-[7px] text-neutral-500 uppercase font-bold tracking-widest leading-none mb-0.5\"\u001b[39m\n              \u001b[36m>\u001b[39m\n                \u001b[0mСтан_розуму\u001b[0m\n              \u001b[36m</span>\u001b[39m\n              \u001b[36m<span\u001b[39m\n                \u001b[33mclass\u001b[39m=\u001b[32m\"text-[10px] text-primary font-bold uppercase leading-none\"\u001b[39m\n              \u001b[36m>\u001b[39m\n                \u001b[0mОЧІКУВАННЯ\u001b[0m\n              \u001b[36m</span>\u001b[39m\n            \u001b[36m</div>\u001b[39m\n            \u001b[36m<div\u001b[39m\n              \u001b[33mclass\u001b[39m=\u001b[32m\"flex flex-col\"\u001b[39m\n            \u001b[36m>\u001b[39m\n              \u001b[36m<span\u001b[39m\n                \u001b[33mclass\u001b[39m=\u001b[32m\"text-[7px] text-neutral-500 uppercase font-bold tracking-widest leading-none mb-0.5\"\u001b[39m\n              \u001b[36m>\u001b[39m\n                \u001b[0mЕмпатія\u001b[0m\n              \u001b[36m</span>\u001b[39m\n              \u001b[36m<span\u001b[39m\n                \u001b[33mclass\u001b[39m=\u001b[32m\"text-[10px] text-ink-primary font-medium uppercase leading-none\"\u001b[39m\n              \u001b[36m>\u001b[39m\n                \u001b[0mСТАБІЛЬНИЙ\u001b[0m\n              \u001b[36m</span>\u001b[39m\n            \u001b[36m</div>\u001b[39m\n            \u001b[36m<div\u001b[39m\n              \u001b[33mclass\u001b[39m=\u001b[32m\"flex items-center gap-2 border-l border-white/10 pl-3\"\u001b[39m\n            \u001b[36m>\u001b[39m\n              \u001b[36m<svg\u001b[39m\n                \u001b[33maria-hidden\u001b[39m=\u001b[32m\"true\"\u001b[39m\n                \u001b[33mclass\u001b[39m=\u001b[32m\"lucide lucide-shield-c...\n    at Object.getElementError (/home/kyrylo/phantom_ai/PHANTOM_OS_BLUEPRINT/phantom-os/src/frontend/node_modules/@testing-library/dom/dist/config.js:37:19)\n    at /home/kyrylo/phantom_ai/PHANTOM_OS_BLUEPRINT/phantom-os/src/frontend/node_modules/@testing-library/dom/dist/query-helpers.js:76:38\n    at /home/kyrylo/phantom_ai/PHANTOM_OS_BLUEPRINT/phantom-os/src/frontend/node_modules/@testing-library/dom/dist/query-helpers.js:52:17\n    at /home/kyrylo/phantom_ai/PHANTOM_OS_BLUEPRINT/phantom-os/src/frontend/node_modules/@testing-library/dom/dist/query-helpers.js:95:19\n    at /home/kyrylo/phantom_ai/PHANTOM_OS_BLUEPRINT/phantom-os/src/frontend/src/__tests__/AgentV5.test.tsx:216:21\n    at file:///home/kyrylo/phantom_ai/PHANTOM_OS_BLUEPRINT/phantom-os/src/frontend/node_modules/@vitest/runner/dist/index.js:146:14\n    at file:///home/kyrylo/phantom_ai/PHANTOM_OS_BLUEPRINT/phantom-os/src/frontend/node_modules/@vitest/runner/dist/index.js:533:11\n    at runWithTimeout (file:///home/kyrylo/phantom_ai/PHANTOM_OS_BLUEPRINT/phantom-os/src/frontend/node_modules/@vitest/runner/dist/index.js:39:7)\n    at runTest (file:///home/kyrylo/phantom_ai/PHANTOM_OS_BLUEPRINT/phantom-os/src/frontend/node_modules/@vitest/runner/dist/index.js:1056:17)\n    at processTicksAndRejections (node:internal/process/task_queues:104:5)"],"meta":{}},{"ancestorTitles":["T3 — OperatorLayout conversation vs telemetry"],"fullName":"T3 — OperatorLayout conversation vs telemetry conversation mode: tape-column readable (col-span-3), no peek crush","status":"failed","title":"conversation mode: tape-column readable (col-span-3), no peek crush","duration":80.88202799999999,"failureMessages":["TestingLibraryElementError: Unable to find an element by: [data-testid=\"tape-column\"]\n\nIgnored nodes: comments, script, style\n\u001b[36m<body\u001b[39m\n  \u001b[33mdata-substate\u001b[39m=\u001b[32m\"idle\"\u001b[39m\n\u001b[36m>\u001b[39m\n  \u001b[36m<div>\u001b[39m\n    \u001b[36m<div\u001b[39m\n      \u001b[33manimate\u001b[39m=\u001b[32m\"[object Object]\"\u001b[39m\n      \u001b[33mclass\u001b[39m=\u001b[32m\"w-[1024px] h-[600px] flex flex-col relative overflow-hidden bg-surface-sunrise\"\u001b[39m\n      \u001b[33mdata-testid\u001b[39m=\u001b[32m\"operator-layout\"\u001b[39m\n      \u001b[33mexit\u001b[39m=\u001b[32m\"[object Object]\"\u001b[39m\n      \u001b[33minitial\u001b[39m=\u001b[32m\"[object Object]\"\u001b[39m\n      \u001b[33mstyle\u001b[39m=\u001b[32m\"opacity: 1;\"\u001b[39m\n      \u001b[33mtransition\u001b[39m=\u001b[32m\"[object Object]\"\u001b[39m\n    \u001b[36m>\u001b[39m\n      \u001b[36m<header\u001b[39m\n        \u001b[33mclass\u001b[39m=\u001b[32m\"shrink-0 z-30 flex flex-col\"\u001b[39m\n      \u001b[36m>\u001b[39m\n        \u001b[36m<div\u001b[39m\n          \u001b[33mclass\u001b[39m=\u001b[32m\"flex items-center justify-between pr-4 bg-black/5 backdrop-blur-md border-b border-white/5\"\u001b[39m\n        \u001b[36m>\u001b[39m\n          \u001b[36m<div\u001b[39m\n            \u001b[33mdata-testid\u001b[39m=\u001b[32m\"status-bar-stub\"\u001b[39m\n          \u001b[36m/>\u001b[39m\n          \u001b[36m<div\u001b[39m\n            \u001b[33mclass\u001b[39m=\u001b[32m\"flex items-center gap-4 px-4 py-1.5 rounded-full bg-black/10 border border-white/5 shadow-inner\"\u001b[39m\n          \u001b[36m>\u001b[39m\n            \u001b[36m<div\u001b[39m\n              \u001b[33mclass\u001b[39m=\u001b[32m\"relative inline-block text-left select-none\"\u001b[39m\n            \u001b[36m>\u001b[39m\n              \u001b[36m<button\u001b[39m\n                \u001b[33mclass\u001b[39m=\u001b[32m\"flex items-center gap-2 px-3 py-1.5 rounded-full bg-white/5 hover:bg-white/10 border border-white/10 transition-all active:scale-95 text-xs text-ink-primary\"\u001b[39m\n                \u001b[33mtype\u001b[39m=\u001b[32m\"button\"\u001b[39m\n              \u001b[36m>\u001b[39m\n                \u001b[36m<svg\u001b[39m\n                  \u001b[33maria-hidden\u001b[39m=\u001b[32m\"true\"\u001b[39m\n                  \u001b[33mclass\u001b[39m=\u001b[32m\"lucide lucide-building2 lucide-building-2 text-amber-400\"\u001b[39m\n                  \u001b[33mfill\u001b[39m=\u001b[32m\"none\"\u001b[39m\n                  \u001b[33mheight\u001b[39m=\u001b[32m\"14\"\u001b[39m\n                  \u001b[33mstroke\u001b[39m=\u001b[32m\"currentColor\"\u001b[39m\n                  \u001b[33mstroke-linecap\u001b[39m=\u001b[32m\"round\"\u001b[39m\n                  \u001b[33mstroke-linejoin\u001b[39m=\u001b[32m\"round\"\u001b[39m\n                  \u001b[33mstroke-width\u001b[39m=\u001b[32m\"2\"\u001b[39m\n                  \u001b[33mviewBox\u001b[39m=\u001b[32m\"0 0 24 24\"\u001b[39m\n                  \u001b[33mwidth\u001b[39m=\u001b[32m\"14\"\u001b[39m\n                  \u001b[33mxmlns\u001b[39m=\u001b[32m\"http://www.w3.org/2000/svg\"\u001b[39m\n                \u001b[36m>\u001b[39m\n                  \u001b[36m<path\u001b[39m\n                    \u001b[33md\u001b[39m=\u001b[32m\"M10 12h4\"\u001b[39m\n                  \u001b[36m/>\u001b[39m\n                  \u001b[36m<path\u001b[39m\n                    \u001b[33md\u001b[39m=\u001b[32m\"M10 8h4\"\u001b[39m\n                  \u001b[36m/>\u001b[39m\n                  \u001b[36m<path\u001b[39m\n                    \u001b[33md\u001b[39m=\u001b[32m\"M14 21v-3a2 2 0 0 0-4 0v3\"\u001b[39m\n                  \u001b[36m/>\u001b[39m\n                  \u001b[36m<path\u001b[39m\n                    \u001b[33md\u001b[39m=\u001b[32m\"M6 10H4a2 2 0 0 0-2 2v7a2 2 0 0 0 2 2h16a2 2 0 0 0 2-2V9a2 2 0 0 0-2-2h-2\"\u001b[39m\n                  \u001b[36m/>\u001b[39m\n                  \u001b[36m<path\u001b[39m\n                    \u001b[33md\u001b[39m=\u001b[32m\"M6 21V5a2 2 0 0 1 2-2h8a2 2 0 0 1 2 2v16\"\u001b[39m\n                  \u001b[36m/>\u001b[39m\n                \u001b[36m</svg>\u001b[39m\n                \u001b[36m<span\u001b[39m\n                  \u001b[33mclass\u001b[39m=\u001b[32m\"font-medium tracking-wide\"\u001b[39m\n                \u001b[36m/>\u001b[39m\n                \u001b[36m<span\u001b[39m\n                  \u001b[33mclass\u001b[39m=\u001b[32m\"flex items-center gap-1 px-1.5 py-0.5 rounded-full text-[10px] font-semibold bg-amber-500/20 text-amber-300 border border-amber-500/30\"\u001b[39m\n                \u001b[36m>\u001b[39m\n                  \u001b[36m<svg\u001b[39m\n                    \u001b[33maria-hidden\u001b[39m=\u001b[32m\"true\"\u001b[39m\n                    \u001b[33mclass\u001b[39m=\u001b[32m\"lucide lucide-zap\"\u001b[39m\n                    \u001b[33mfill\u001b[39m=\u001b[32m\"none\"\u001b[39m\n                    \u001b[33mheight\u001b[39m=\u001b[32m\"10\"\u001b[39m\n                    \u001b[33mstroke\u001b[39m=\u001b[32m\"currentColor\"\u001b[39m\n                    \u001b[33mstroke-linecap\u001b[39m=\u001b[32m\"round\"\u001b[39m\n                    \u001b[33mstroke-linejoin\u001b[39m=\u001b[32m\"round\"\u001b[39m\n                    \u001b[33mstroke-width\u001b[39m=\u001b[32m\"2\"\u001b[39m\n                    \u001b[33mviewBox\u001b[39m=\u001b[32m\"0 0 24 24\"\u001b[39m\n                    \u001b[33mwidth\u001b[39m=\u001b[32m\"10\"\u001b[39m\n                    \u001b[33mxmlns\u001b[39m=\u001b[32m\"http://www.w3.org/2000/svg\"\u001b[39m\n                  \u001b[36m>\u001b[39m\n                    \u001b[36m<path\u001b[39m\n                      \u001b[33md\u001b[39m=\u001b[32m\"M4 14a1 1 0 0 1-.78-1.63l9.9-10.2a.5.5 0 0 1 .86.46l-1.92 6.02A1 1 0 0 0 13 10h7a1 1 0 0 1 .78 1.63l-9.9 10.2a.5.5 0 0 1-.86-.46l1.92-6.02A1 1 0 0 0 11 14z\"\u001b[39m\n                    \u001b[36m/>\u001b[39m\n                  \u001b[36m</svg>\u001b[39m\n                  \u001b[0mPRO\u001b[0m\n                \u001b[36m</span>\u001b[39m\n                \u001b[36m<svg\u001b[39m\n                  \u001b[33maria-hidden\u001b[39m=\u001b[32m\"true\"\u001b[39m\n                  \u001b[33mclass\u001b[39m=\u001b[32m\"lucide lucide-chevron-down transition-transform\"\u001b[39m\n                  \u001b[33mfill\u001b[39m=\u001b[32m\"none\"\u001b[39m\n                  \u001b[33mheight\u001b[39m=\u001b[32m\"12\"\u001b[39m\n                  \u001b[33mstroke\u001b[39m=\u001b[32m\"currentColor\"\u001b[39m\n                  \u001b[33mstroke-linecap\u001b[39m=\u001b[32m\"round\"\u001b[39m\n                  \u001b[33mstroke-linejoin\u001b[39m=\u001b[32m\"round\"\u001b[39m\n                  \u001b[33mstroke-width\u001b[39m=\u001b[32m\"2\"\u001b[39m\n                  \u001b[33mviewBox\u001b[39m=\u001b[32m\"0 0 24 24\"\u001b[39m\n                  \u001b[33mwidth\u001b[39m=\u001b[32m\"12\"\u001b[39m\n                  \u001b[33mxmlns\u001b[39m=\u001b[32m\"http://www.w3.org/2000/svg\"\u001b[39m\n                \u001b[36m>\u001b[39m\n                  \u001b[36m<path\u001b[39m\n                    \u001b[33md\u001b[39m=\u001b[32m\"m6 9 6 6 6-6\"\u001b[39m\n                  \u001b[36m/>\u001b[39m\n                \u001b[36m</svg>\u001b[39m\n              \u001b[36m</button>\u001b[39m\n            \u001b[36m</div>\u001b[39m\n            \u001b[36m<div\u001b[39m\n              \u001b[33mclass\u001b[39m=\u001b[32m\"flex flex-col border-l border-white/10 pl-3\"\u001b[39m\n            \u001b[36m>\u001b[39m\n              \u001b[36m<span\u001b[39m\n                \u001b[33mclass\u001b[39m=\u001b[32m\"text-[7px] text-neutral-500 uppercase font-bold tracking-widest leading-none mb-0.5\"\u001b[39m\n              \u001b[36m>\u001b[39m\n                \u001b[0mСтан_розуму\u001b[0m\n              \u001b[36m</span>\u001b[39m\n              \u001b[36m<span\u001b[39m\n                \u001b[33mclass\u001b[39m=\u001b[32m\"text-[10px] text-primary font-bold uppercase leading-none\"\u001b[39m\n              \u001b[36m>\u001b[39m\n                \u001b[0mОЧІКУВАННЯ\u001b[0m\n              \u001b[36m</span>\u001b[39m\n            \u001b[36m</div>\u001b[39m\n            \u001b[36m<div\u001b[39m\n              \u001b[33mclass\u001b[39m=\u001b[32m\"flex flex-col\"\u001b[39m\n            \u001b[36m>\u001b[39m\n              \u001b[36m<span\u001b[39m\n                \u001b[33mclass\u001b[39m=\u001b[32m\"text-[7px] text-neutral-500 uppercase font-bold tracking-widest leading-none mb-0.5\"\u001b[39m\n              \u001b[36m>\u001b[39m\n                \u001b[0mЕмпатія\u001b[0m\n              \u001b[36m</span>\u001b[39m\n              \u001b[36m<span\u001b[39m\n                \u001b[33mclass\u001b[39m=\u001b[32m\"text-[10px] text-ink-primary font-medium uppercase leading-none\"\u001b[39m\n              \u001b[36m>\u001b[39m\n                \u001b[0mСТАБІЛЬНИЙ\u001b[0m\n              \u001b[36m</span>\u001b[39m\n            \u001b[36m</div>\u001b[39m\n            \u001b[36m<div\u001b[39m\n              \u001b[33mclass\u001b[39m=\u001b[32m\"flex items-center gap-2 border-l border-white/10 pl-3\"\u001b[39m\n            \u001b[36m>\u001b[39m\n              \u001b[36m<svg\u001b[39m\n                \u001b[33maria-hidden\u001b[39m=\u001b[32m\"true\"\u001b[39m\n                \u001b[33mclass\u001b[39m=\u001b[32m\"lucide lucide-shield-c...\n    at Object.getElementError (/home/kyrylo/phantom_ai/PHANTOM_OS_BLUEPRINT/phantom-os/src/frontend/node_modules/@testing-library/dom/dist/config.js:37:19)\n    at /home/kyrylo/phantom_ai/PHANTOM_OS_BLUEPRINT/phantom-os/src/frontend/node_modules/@testing-library/dom/dist/query-helpers.js:76:38\n    at /home/kyrylo/phantom_ai/PHANTOM_OS_BLUEPRINT/phantom-os/src/frontend/node_modules/@testing-library/dom/dist/query-helpers.js:52:17\n    at /home/kyrylo/phantom_ai/PHANTOM_OS_BLUEPRINT/phantom-os/src/frontend/node_modules/@testing-library/dom/dist/query-helpers.js:95:19\n    at /home/kyrylo/phantom_ai/PHANTOM_OS_BLUEPRINT/phantom-os/src/frontend/src/__tests__/AgentV5.test.tsx:223:21\n    at file:///home/kyrylo/phantom_ai/PHANTOM_OS_BLUEPRINT/phantom-os/src/frontend/node_modules/@vitest/runner/dist/index.js:146:14\n    at file:///home/kyrylo/phantom_ai/PHANTOM_OS_BLUEPRINT/phantom-os/src/frontend/node_modules/@vitest/runner/dist/index.js:533:11\n    at runWithTimeout (file:///home/kyrylo/phantom_ai/PHANTOM_OS_BLUEPRINT/phantom-os/src/frontend/node_modules/@vitest/runner/dist/index.js:39:7)\n    at runTest (file:///home/kyrylo/phantom_ai/PHANTOM_OS_BLUEPRINT/phantom-os/src/frontend/node_modules/@vitest/runner/dist/index.js:1056:17)\n    at processTicksAndRejections (node:internal/process/task_queues:104:5)"],"meta":{}},{"ancestorTitles":["T3 — OperatorLayout conversation vs telemetry"],"fullName":"T3 — OperatorLayout conversation vs telemetry telemetry mode: main column readable (col-span-9), no peek crush","status":"failed","title":"telemetry mode: main column readable (col-span-9), no peek crush","duration":72.71178099999997,"failureMessages":["TestingLibraryElementError: Unable to find an element by: [data-testid=\"main-stream-column\"]\n\nIgnored nodes: comments, script, style\n\u001b[36m<body\u001b[39m\n  \u001b[33mdata-substate\u001b[39m=\u001b[32m\"idle\"\u001b[39m\n\u001b[36m>\u001b[39m\n  \u001b[36m<div>\u001b[39m\n    \u001b[36m<div\u001b[39m\n      \u001b[33manimate\u001b[39m=\u001b[32m\"[object Object]\"\u001b[39m\n      \u001b[33mclass\u001b[39m=\u001b[32m\"w-[1024px] h-[600px] flex flex-col relative overflow-hidden bg-surface-sunrise\"\u001b[39m\n      \u001b[33mdata-testid\u001b[39m=\u001b[32m\"operator-layout\"\u001b[39m\n      \u001b[33mexit\u001b[39m=\u001b[32m\"[object Object]\"\u001b[39m\n      \u001b[33minitial\u001b[39m=\u001b[32m\"[object Object]\"\u001b[39m\n      \u001b[33mstyle\u001b[39m=\u001b[32m\"opacity: 1;\"\u001b[39m\n      \u001b[33mtransition\u001b[39m=\u001b[32m\"[object Object]\"\u001b[39m\n    \u001b[36m>\u001b[39m\n      \u001b[36m<header\u001b[39m\n        \u001b[33mclass\u001b[39m=\u001b[32m\"shrink-0 z-30 flex flex-col\"\u001b[39m\n      \u001b[36m>\u001b[39m\n        \u001b[36m<div\u001b[39m\n          \u001b[33mclass\u001b[39m=\u001b[32m\"flex items-center justify-between pr-4 bg-black/5 backdrop-blur-md border-b border-white/5\"\u001b[39m\n        \u001b[36m>\u001b[39m\n          \u001b[36m<div\u001b[39m\n            \u001b[33mdata-testid\u001b[39m=\u001b[32m\"status-bar-stub\"\u001b[39m\n          \u001b[36m/>\u001b[39m\n          \u001b[36m<div\u001b[39m\n            \u001b[33mclass\u001b[39m=\u001b[32m\"flex items-center gap-4 px-4 py-1.5 rounded-full bg-black/10 border border-white/5 shadow-inner\"\u001b[39m\n          \u001b[36m>\u001b[39m\n            \u001b[36m<div\u001b[39m\n              \u001b[33mclass\u001b[39m=\u001b[32m\"relative inline-block text-left select-none\"\u001b[39m\n            \u001b[36m>\u001b[39m\n              \u001b[36m<button\u001b[39m\n                \u001b[33mclass\u001b[39m=\u001b[32m\"flex items-center gap-2 px-3 py-1.5 rounded-full bg-white/5 hover:bg-white/10 border border-white/10 transition-all active:scale-95 text-xs text-ink-primary\"\u001b[39m\n                \u001b[33mtype\u001b[39m=\u001b[32m\"button\"\u001b[39m\n              \u001b[36m>\u001b[39m\n                \u001b[36m<svg\u001b[39m\n                  \u001b[33maria-hidden\u001b[39m=\u001b[32m\"true\"\u001b[39m\n                  \u001b[33mclass\u001b[39m=\u001b[32m\"lucide lucide-building2 lucide-building-2 text-amber-400\"\u001b[39m\n                  \u001b[33mfill\u001b[39m=\u001b[32m\"none\"\u001b[39m\n                  \u001b[33mheight\u001b[39m=\u001b[32m\"14\"\u001b[39m\n                  \u001b[33mstroke\u001b[39m=\u001b[32m\"currentColor\"\u001b[39m\n                  \u001b[33mstroke-linecap\u001b[39m=\u001b[32m\"round\"\u001b[39m\n                  \u001b[33mstroke-linejoin\u001b[39m=\u001b[32m\"round\"\u001b[39m\n                  \u001b[33mstroke-width\u001b[39m=\u001b[32m\"2\"\u001b[39m\n                  \u001b[33mviewBox\u001b[39m=\u001b[32m\"0 0 24 24\"\u001b[39m\n                  \u001b[33mwidth\u001b[39m=\u001b[32m\"14\"\u001b[39m\n                  \u001b[33mxmlns\u001b[39m=\u001b[32m\"http://www.w3.org/2000/svg\"\u001b[39m\n                \u001b[36m>\u001b[39m\n                  \u001b[36m<path\u001b[39m\n                    \u001b[33md\u001b[39m=\u001b[32m\"M10 12h4\"\u001b[39m\n                  \u001b[36m/>\u001b[39m\n                  \u001b[36m<path\u001b[39m\n                    \u001b[33md\u001b[39m=\u001b[32m\"M10 8h4\"\u001b[39m\n                  \u001b[36m/>\u001b[39m\n                  \u001b[36m<path\u001b[39m\n                    \u001b[33md\u001b[39m=\u001b[32m\"M14 21v-3a2 2 0 0 0-4 0v3\"\u001b[39m\n                  \u001b[36m/>\u001b[39m\n                  \u001b[36m<path\u001b[39m\n                    \u001b[33md\u001b[39m=\u001b[32m\"M6 10H4a2 2 0 0 0-2 2v7a2 2 0 0 0 2 2h16a2 2 0 0 0 2-2V9a2 2 0 0 0-2-2h-2\"\u001b[39m\n                  \u001b[36m/>\u001b[39m\n                  \u001b[36m<path\u001b[39m\n                    \u001b[33md\u001b[39m=\u001b[32m\"M6 21V5a2 2 0 0 1 2-2h8a2 2 0 0 1 2 2v16\"\u001b[39m\n                  \u001b[36m/>\u001b[39m\n                \u001b[36m</svg>\u001b[39m\n                \u001b[36m<span\u001b[39m\n                  \u001b[33mclass\u001b[39m=\u001b[32m\"font-medium tracking-wide\"\u001b[39m\n                \u001b[36m/>\u001b[39m\n                \u001b[36m<span\u001b[39m\n                  \u001b[33mclass\u001b[39m=\u001b[32m\"flex items-center gap-1 px-1.5 py-0.5 rounded-full text-[10px] font-semibold bg-amber-500/20 text-amber-300 border border-amber-500/30\"\u001b[39m\n                \u001b[36m>\u001b[39m\n                  \u001b[36m<svg\u001b[39m\n                    \u001b[33maria-hidden\u001b[39m=\u001b[32m\"true\"\u001b[39m\n                    \u001b[33mclass\u001b[39m=\u001b[32m\"lucide lucide-zap\"\u001b[39m\n                    \u001b[33mfill\u001b[39m=\u001b[32m\"none\"\u001b[39m\n                    \u001b[33mheight\u001b[39m=\u001b[32m\"10\"\u001b[39m\n                    \u001b[33mstroke\u001b[39m=\u001b[32m\"currentColor\"\u001b[39m\n                    \u001b[33mstroke-linecap\u001b[39m=\u001b[32m\"round\"\u001b[39m\n                    \u001b[33mstroke-linejoin\u001b[39m=\u001b[32m\"round\"\u001b[39m\n                    \u001b[33mstroke-width\u001b[39m=\u001b[32m\"2\"\u001b[39m\n                    \u001b[33mviewBox\u001b[39m=\u001b[32m\"0 0 24 24\"\u001b[39m\n                    \u001b[33mwidth\u001b[39m=\u001b[32m\"10\"\u001b[39m\n                    \u001b[33mxmlns\u001b[39m=\u001b[32m\"http://www.w3.org/2000/svg\"\u001b[39m\n                  \u001b[36m>\u001b[39m\n                    \u001b[36m<path\u001b[39m\n                      \u001b[33md\u001b[39m=\u001b[32m\"M4 14a1 1 0 0 1-.78-1.63l9.9-10.2a.5.5 0 0 1 .86.46l-1.92 6.02A1 1 0 0 0 13 10h7a1 1 0 0 1 .78 1.63l-9.9 10.2a.5.5 0 0 1-.86-.46l1.92-6.02A1 1 0 0 0 11 14z\"\u001b[39m\n                    \u001b[36m/>\u001b[39m\n                  \u001b[36m</svg>\u001b[39m\n                  \u001b[0mPRO\u001b[0m\n                \u001b[36m</span>\u001b[39m\n                \u001b[36m<svg\u001b[39m\n                  \u001b[33maria-hidden\u001b[39m=\u001b[32m\"true\"\u001b[39m\n                  \u001b[33mclass\u001b[39m=\u001b[32m\"lucide lucide-chevron-down transition-transform\"\u001b[39m\n                  \u001b[33mfill\u001b[39m=\u001b[32m\"none\"\u001b[39m\n                  \u001b[33mheight\u001b[39m=\u001b[32m\"12\"\u001b[39m\n                  \u001b[33mstroke\u001b[39m=\u001b[32m\"currentColor\"\u001b[39m\n                  \u001b[33mstroke-linecap\u001b[39m=\u001b[32m\"round\"\u001b[39m\n                  \u001b[33mstroke-linejoin\u001b[39m=\u001b[32m\"round\"\u001b[39m\n                  \u001b[33mstroke-width\u001b[39m=\u001b[32m\"2\"\u001b[39m\n                  \u001b[33mviewBox\u001b[39m=\u001b[32m\"0 0 24 24\"\u001b[39m\n                  \u001b[33mwidth\u001b[39m=\u001b[32m\"12\"\u001b[39m\n                  \u001b[33mxmlns\u001b[39m=\u001b[32m\"http://www.w3.org/2000/svg\"\u001b[39m\n                \u001b[36m>\u001b[39m\n                  \u001b[36m<path\u001b[39m\n                    \u001b[33md\u001b[39m=\u001b[32m\"m6 9 6 6 6-6\"\u001b[39m\n                  \u001b[36m/>\u001b[39m\n                \u001b[36m</svg>\u001b[39m\n              \u001b[36m</button>\u001b[39m\n            \u001b[36m</div>\u001b[39m\n            \u001b[36m<div\u001b[39m\n              \u001b[33mclass\u001b[39m=\u001b[32m\"flex flex-col border-l border-white/10 pl-3\"\u001b[39m\n            \u001b[36m>\u001b[39m\n              \u001b[36m<span\u001b[39m\n                \u001b[33mclass\u001b[39m=\u001b[32m\"text-[7px] text-neutral-500 uppercase font-bold tracking-widest leading-none mb-0.5\"\u001b[39m\n              \u001b[36m>\u001b[39m\n                \u001b[0mСтан_розуму\u001b[0m\n              \u001b[36m</span>\u001b[39m\n              \u001b[36m<span\u001b[39m\n                \u001b[33mclass\u001b[39m=\u001b[32m\"text-[10px] text-primary font-bold uppercase leading-none\"\u001b[39m\n              \u001b[36m>\u001b[39m\n                \u001b[0mОЧІКУВАННЯ\u001b[0m\n              \u001b[36m</span>\u001b[39m\n            \u001b[36m</div>\u001b[39m\n            \u001b[36m<div\u001b[39m\n              \u001b[33mclass\u001b[39m=\u001b[32m\"flex flex-col\"\u001b[39m\n            \u001b[36m>\u001b[39m\n              \u001b[36m<span\u001b[39m\n                \u001b[33mclass\u001b[39m=\u001b[32m\"text-[7px] text-neutral-500 uppercase font-bold tracking-widest leading-none mb-0.5\"\u001b[39m\n              \u001b[36m>\u001b[39m\n                \u001b[0mЕмпатія\u001b[0m\n              \u001b[36m</span>\u001b[39m\n              \u001b[36m<span\u001b[39m\n                \u001b[33mclass\u001b[39m=\u001b[32m\"text-[10px] text-ink-primary font-medium uppercase leading-none\"\u001b[39m\n              \u001b[36m>\u001b[39m\n                \u001b[0mСТАБІЛЬНИЙ\u001b[0m\n              \u001b[36m</span>\u001b[39m\n            \u001b[36m</div>\u001b[39m\n            \u001b[36m<div\u001b[39m\n              \u001b[33mclass\u001b[39m=\u001b[32m\"flex items-center gap-2 border-l border-white/10 pl-3\"\u001b[39m\n            \u001b[36m>\u001b[39m\n              \u001b[36m<svg\u001b[39m\n                \u001b[33maria-hidden\u001b[39m=\u001b[32m\"true\"\u001b[39m\n                \u001b[33mclass\u001b[39m=\u001b[32m\"lucide lucide-shield-c...\n    at Object.getElementError (/home/kyrylo/phantom_ai/PHANTOM_OS_BLUEPRINT/phantom-os/src/frontend/node_modules/@testing-library/dom/dist/config.js:37:19)\n    at /home/kyrylo/phantom_ai/PHANTOM_OS_BLUEPRINT/phantom-os/src/frontend/node_modules/@testing-library/dom/dist/query-helpers.js:76:38\n    at /home/kyrylo/phantom_ai/PHANTOM_OS_BLUEPRINT/phantom-os/src/frontend/node_modules/@testing-library/dom/dist/query-helpers.js:52:17\n    at /home/kyrylo/phantom_ai/PHANTOM_OS_BLUEPRINT/phantom-os/src/frontend/node_modules/@testing-library/dom/dist/query-helpers.js:95:19\n    at /home/kyrylo/phantom_ai/PHANTOM_OS_BLUEPRINT/phantom-os/src/frontend/src/__tests__/AgentV5.test.tsx:216:21\n    at file:///home/kyrylo/phantom_ai/PHANTOM_OS_BLUEPRINT/phantom-os/src/frontend/node_modules/@vitest/runner/dist/index.js:146:14\n    at file:///home/kyrylo/phantom_ai/PHANTOM_OS_BLUEPRINT/phantom-os/src/frontend/node_modules/@vitest/runner/dist/index.js:533:11\n    at runWithTimeout (file:///home/kyrylo/phantom_ai/PHANTOM_OS_BLUEPRINT/phantom-os/src/frontend/node_modules/@vitest/runner/dist/index.js:39:7)\n    at runTest (file:///home/kyrylo/phantom_ai/PHANTOM_OS_BLUEPRINT/phantom-os/src/frontend/node_modules/@vitest/runner/dist/index.js:1056:17)\n    at processTicksAndRejections (node:internal/process/task_queues:104:5)"],"meta":{}},{"ancestorTitles":["T3 — OperatorLayout conversation vs telemetry"],"fullName":"T3 — OperatorLayout conversation vs telemetry telemetry mode: tape-column readable (col-span-3), no peek crush","status":"failed","title":"telemetry mode: tape-column readable (col-span-3), no peek crush","duration":47.23943999999983,"failureMessages":["TestingLibraryElementError: Unable to find an element by: [data-testid=\"tape-column\"]\n\nIgnored nodes: comments, script, style\n\u001b[36m<body\u001b[39m\n  \u001b[33mdata-substate\u001b[39m=\u001b[32m\"idle\"\u001b[39m\n\u001b[36m>\u001b[39m\n  \u001b[36m<div>\u001b[39m\n    \u001b[36m<div\u001b[39m\n      \u001b[33manimate\u001b[39m=\u001b[32m\"[object Object]\"\u001b[39m\n      \u001b[33mclass\u001b[39m=\u001b[32m\"w-[1024px] h-[600px] flex flex-col relative overflow-hidden bg-surface-sunrise\"\u001b[39m\n      \u001b[33mdata-testid\u001b[39m=\u001b[32m\"operator-layout\"\u001b[39m\n      \u001b[33mexit\u001b[39m=\u001b[32m\"[object Object]\"\u001b[39m\n      \u001b[33minitial\u001b[39m=\u001b[32m\"[object Object]\"\u001b[39m\n      \u001b[33mstyle\u001b[39m=\u001b[32m\"opacity: 1;\"\u001b[39m\n      \u001b[33mtransition\u001b[39m=\u001b[32m\"[object Object]\"\u001b[39m\n    \u001b[36m>\u001b[39m\n      \u001b[36m<header\u001b[39m\n        \u001b[33mclass\u001b[39m=\u001b[32m\"shrink-0 z-30 flex flex-col\"\u001b[39m\n      \u001b[36m>\u001b[39m\n        \u001b[36m<div\u001b[39m\n          \u001b[33mclass\u001b[39m=\u001b[32m\"flex items-center justify-between pr-4 bg-black/5 backdrop-blur-md border-b border-white/5\"\u001b[39m\n        \u001b[36m>\u001b[39m\n          \u001b[36m<div\u001b[39m\n            \u001b[33mdata-testid\u001b[39m=\u001b[32m\"status-bar-stub\"\u001b[39m\n          \u001b[36m/>\u001b[39m\n          \u001b[36m<div\u001b[39m\n            \u001b[33mclass\u001b[39m=\u001b[32m\"flex items-center gap-4 px-4 py-1.5 rounded-full bg-black/10 border border-white/5 shadow-inner\"\u001b[39m\n          \u001b[36m>\u001b[39m\n            \u001b[36m<div\u001b[39m\n              \u001b[33mclass\u001b[39m=\u001b[32m\"relative inline-block text-left select-none\"\u001b[39m\n            \u001b[36m>\u001b[39m\n              \u001b[36m<button\u001b[39m\n                \u001b[33mclass\u001b[39m=\u001b[32m\"flex items-center gap-2 px-3 py-1.5 rounded-full bg-white/5 hover:bg-white/10 border border-white/10 transition-all active:scale-95 text-xs text-ink-primary\"\u001b[39m\n                \u001b[33mtype\u001b[39m=\u001b[32m\"button\"\u001b[39m\n              \u001b[36m>\u001b[39m\n                \u001b[36m<svg\u001b[39m\n                  \u001b[33maria-hidden\u001b[39m=\u001b[32m\"true\"\u001b[39m\n                  \u001b[33mclass\u001b[39m=\u001b[32m\"lucide lucide-building2 lucide-building-2 text-amber-400\"\u001b[39m\n                  \u001b[33mfill\u001b[39m=\u001b[32m\"none\"\u001b[39m\n                  \u001b[33mheight\u001b[39m=\u001b[32m\"14\"\u001b[39m\n                  \u001b[33mstroke\u001b[39m=\u001b[32m\"currentColor\"\u001b[39m\n                  \u001b[33mstroke-linecap\u001b[39m=\u001b[32m\"round\"\u001b[39m\n                  \u001b[33mstroke-linejoin\u001b[39m=\u001b[32m\"round\"\u001b[39m\n                  \u001b[33mstroke-width\u001b[39m=\u001b[32m\"2\"\u001b[39m\n                  \u001b[33mviewBox\u001b[39m=\u001b[32m\"0 0 24 24\"\u001b[39m\n                  \u001b[33mwidth\u001b[39m=\u001b[32m\"14\"\u001b[39m\n                  \u001b[33mxmlns\u001b[39m=\u001b[32m\"http://www.w3.org/2000/svg\"\u001b[39m\n                \u001b[36m>\u001b[39m\n                  \u001b[36m<path\u001b[39m\n                    \u001b[33md\u001b[39m=\u001b[32m\"M10 12h4\"\u001b[39m\n                  \u001b[36m/>\u001b[39m\n                  \u001b[36m<path\u001b[39m\n                    \u001b[33md\u001b[39m=\u001b[32m\"M10 8h4\"\u001b[39m\n                  \u001b[36m/>\u001b[39m\n                  \u001b[36m<path\u001b[39m\n                    \u001b[33md\u001b[39m=\u001b[32m\"M14 21v-3a2 2 0 0 0-4 0v3\"\u001b[39m\n                  \u001b[36m/>\u001b[39m\n                  \u001b[36m<path\u001b[39m\n                    \u001b[33md\u001b[39m=\u001b[32m\"M6 10H4a2 2 0 0 0-2 2v7a2 2 0 0 0 2 2h16a2 2 0 0 0 2-2V9a2 2 0 0 0-2-2h-2\"\u001b[39m\n                  \u001b[36m/>\u001b[39m\n                  \u001b[36m<path\u001b[39m\n                    \u001b[33md\u001b[39m=\u001b[32m\"M6 21V5a2 2 0 0 1 2-2h8a2 2 0 0 1 2 2v16\"\u001b[39m\n                  \u001b[36m/>\u001b[39m\n                \u001b[36m</svg>\u001b[39m\n                \u001b[36m<span\u001b[39m\n                  \u001b[33mclass\u001b[39m=\u001b[32m\"font-medium tracking-wide\"\u001b[39m\n                \u001b[36m/>\u001b[39m\n                \u001b[36m<span\u001b[39m\n                  \u001b[33mclass\u001b[39m=\u001b[32m\"flex items-center gap-1 px-1.5 py-0.5 rounded-full text-[10px] font-semibold bg-amber-500/20 text-amber-300 border border-amber-500/30\"\u001b[39m\n                \u001b[36m>\u001b[39m\n                  \u001b[36m<svg\u001b[39m\n                    \u001b[33maria-hidden\u001b[39m=\u001b[32m\"true\"\u001b[39m\n                    \u001b[33mclass\u001b[39m=\u001b[32m\"lucide lucide-zap\"\u001b[39m\n                    \u001b[33mfill\u001b[39m=\u001b[32m\"none\"\u001b[39m\n                    \u001b[33mheight\u001b[39m=\u001b[32m\"10\"\u001b[39m\n                    \u001b[33mstroke\u001b[39m=\u001b[32m\"currentColor\"\u001b[39m\n                    \u001b[33mstroke-linecap\u001b[39m=\u001b[32m\"round\"\u001b[39m\n                    \u001b[33mstroke-linejoin\u001b[39m=\u001b[32m\"round\"\u001b[39m\n                    \u001b[33mstroke-width\u001b[39m=\u001b[32m\"2\"\u001b[39m\n                    \u001b[33mviewBox\u001b[39m=\u001b[32m\"0 0 24 24\"\u001b[39m\n                    \u001b[33mwidth\u001b[39m=\u001b[32m\"10\"\u001b[39m\n                    \u001b[33mxmlns\u001b[39m=\u001b[32m\"http://www.w3.org/2000/svg\"\u001b[39m\n                  \u001b[36m>\u001b[39m\n                    \u001b[36m<path\u001b[39m\n                      \u001b[33md\u001b[39m=\u001b[32m\"M4 14a1 1 0 0 1-.78-1.63l9.9-10.2a.5.5 0 0 1 .86.46l-1.92 6.02A1 1 0 0 0 13 10h7a1 1 0 0 1 .78 1.63l-9.9 10.2a.5.5 0 0 1-.86-.46l1.92-6.02A1 1 0 0 0 11 14z\"\u001b[39m\n                    \u001b[36m/>\u001b[39m\n                  \u001b[36m</svg>\u001b[39m\n                  \u001b[0mPRO\u001b[0m\n                \u001b[36m</span>\u001b[39m\n                \u001b[36m<svg\u001b[39m\n                  \u001b[33maria-hidden\u001b[39m=\u001b[32m\"true\"\u001b[39m\n                  \u001b[33mclass\u001b[39m=\u001b[32m\"lucide lucide-chevron-down transition-transform\"\u001b[39m\n                  \u001b[33mfill\u001b[39m=\u001b[32m\"none\"\u001b[39m\n                  \u001b[33mheight\u001b[39m=\u001b[32m\"12\"\u001b[39m\n                  \u001b[33mstroke\u001b[39m=\u001b[32m\"currentColor\"\u001b[39m\n                  \u001b[33mstroke-linecap\u001b[39m=\u001b[32m\"round\"\u001b[39m\n                  \u001b[33mstroke-linejoin\u001b[39m=\u001b[32m\"round\"\u001b[39m\n                  \u001b[33mstroke-width\u001b[39m=\u001b[32m\"2\"\u001b[39m\n                  \u001b[33mviewBox\u001b[39m=\u001b[32m\"0 0 24 24\"\u001b[39m\n                  \u001b[33mwidth\u001b[39m=\u001b[32m\"12\"\u001b[39m\n                  \u001b[33mxmlns\u001b[39m=\u001b[32m\"http://www.w3.org/2000/svg\"\u001b[39m\n                \u001b[36m>\u001b[39m\n                  \u001b[36m<path\u001b[39m\n                    \u001b[33md\u001b[39m=\u001b[32m\"m6 9 6 6 6-6\"\u001b[39m\n                  \u001b[36m/>\u001b[39m\n                \u001b[36m</svg>\u001b[39m\n              \u001b[36m</button>\u001b[39m\n            \u001b[36m</div>\u001b[39m\n            \u001b[36m<div\u001b[39m\n              \u001b[33mclass\u001b[39m=\u001b[32m\"flex flex-col border-l border-white/10 pl-3\"\u001b[39m\n            \u001b[36m>\u001b[39m\n              \u001b[36m<span\u001b[39m\n                \u001b[33mclass\u001b[39m=\u001b[32m\"text-[7px] text-neutral-500 uppercase font-bold tracking-widest leading-none mb-0.5\"\u001b[39m\n              \u001b[36m>\u001b[39m\n                \u001b[0mСтан_розуму\u001b[0m\n              \u001b[36m</span>\u001b[39m\n              \u001b[36m<span\u001b[39m\n                \u001b[33mclass\u001b[39m=\u001b[32m\"text-[10px] text-primary font-bold uppercase leading-none\"\u001b[39m\n              \u001b[36m>\u001b[39m\n                \u001b[0mОЧІКУВАННЯ\u001b[0m\n              \u001b[36m</span>\u001b[39m\n            \u001b[36m</div>\u001b[39m\n            \u001b[36m<div\u001b[39m\n              \u001b[33mclass\u001b[39m=\u001b[32m\"flex flex-col\"\u001b[39m\n            \u001b[36m>\u001b[39m\n              \u001b[36m<span\u001b[39m\n                \u001b[33mclass\u001b[39m=\u001b[32m\"text-[7px] text-neutral-500 uppercase font-bold tracking-widest leading-none mb-0.5\"\u001b[39m\n              \u001b[36m>\u001b[39m\n                \u001b[0mЕмпатія\u001b[0m\n              \u001b[36m</span>\u001b[39m\n              \u001b[36m<span\u001b[39m\n                \u001b[33mclass\u001b[39m=\u001b[32m\"text-[10px] text-ink-primary font-medium uppercase leading-none\"\u001b[39m\n              \u001b[36m>\u001b[39m\n                \u001b[0mСТАБІЛЬНИЙ\u001b[0m\n              \u001b[36m</span>\u001b[39m\n            \u001b[36m</div>\u001b[39m\n            \u001b[36m<div\u001b[39m\n              \u001b[33mclass\u001b[39m=\u001b[32m\"flex items-center gap-2 border-l border-white/10 pl-3\"\u001b[39m\n            \u001b[36m>\u001b[39m\n              \u001b[36m<svg\u001b[39m\n                \u001b[33maria-hidden\u001b[39m=\u001b[32m\"true\"\u001b[39m\n                \u001b[33mclass\u001b[39m=\u001b[32m\"lucide lucide-shield-c...\n    at Object.getElementError (/home/kyrylo/phantom_ai/PHANTOM_OS_BLUEPRINT/phantom-os/src/frontend/node_modules/@testing-library/dom/dist/config.js:37:19)\n    at /home/kyrylo/phantom_ai/PHANTOM_OS_BLUEPRINT/phantom-os/src/frontend/node_modules/@testing-library/dom/dist/query-helpers.js:76:38\n    at /home/kyrylo/phantom_ai/PHANTOM_OS_BLUEPRINT/phantom-os/src/frontend/node_modules/@testing-library/dom/dist/query-helpers.js:52:17\n    at /home/kyrylo/phantom_ai/PHANTOM_OS_BLUEPRINT/phantom-os/src/frontend/node_modules/@testing-library/dom/dist/query-helpers.js:95:19\n    at /home/kyrylo/phantom_ai/PHANTOM_OS_BLUEPRINT/phantom-os/src/frontend/src/__tests__/AgentV5.test.tsx:223:21\n    at file:///home/kyrylo/phantom_ai/PHANTOM_OS_BLUEPRINT/phantom-os/src/frontend/node_modules/@vitest/runner/dist/index.js:146:14\n    at file:///home/kyrylo/phantom_ai/PHANTOM_OS_BLUEPRINT/phantom-os/src/frontend/node_modules/@vitest/runner/dist/index.js:533:11\n    at runWithTimeout (file:///home/kyrylo/phantom_ai/PHANTOM_OS_BLUEPRINT/phantom-os/src/frontend/node_modules/@vitest/runner/dist/index.js:39:7)\n    at runTest (file:///home/kyrylo/phantom_ai/PHANTOM_OS_BLUEPRINT/phantom-os/src/frontend/node_modules/@vitest/runner/dist/index.js:1056:17)\n    at processTicksAndRejections (node:internal/process/task_queues:104:5)"],"meta":{}},{"ancestorTitles":["T3 — OperatorLayout conversation vs telemetry"],"fullName":"T3 — OperatorLayout conversation vs telemetry default (ui_agent_layout unset): panels readable, never crushed","status":"failed","title":"default (ui_agent_layout unset): panels readable, never crushed","duration":41.28343800000039,"failureMessages":["TestingLibraryElementError: Unable to find an element by: [data-testid=\"main-stream-column\"]\n\nIgnored nodes: comments, script, style\n\u001b[36m<body\u001b[39m\n  \u001b[33mdata-substate\u001b[39m=\u001b[32m\"idle\"\u001b[39m\n\u001b[36m>\u001b[39m\n  \u001b[36m<div>\u001b[39m\n    \u001b[36m<div\u001b[39m\n      \u001b[33manimate\u001b[39m=\u001b[32m\"[object Object]\"\u001b[39m\n      \u001b[33mclass\u001b[39m=\u001b[32m\"w-[1024px] h-[600px] flex flex-col relative overflow-hidden bg-surface-sunrise\"\u001b[39m\n      \u001b[33mdata-testid\u001b[39m=\u001b[32m\"operator-layout\"\u001b[39m\n      \u001b[33mexit\u001b[39m=\u001b[32m\"[object Object]\"\u001b[39m\n      \u001b[33minitial\u001b[39m=\u001b[32m\"[object Object]\"\u001b[39m\n      \u001b[33mstyle\u001b[39m=\u001b[32m\"opacity: 1;\"\u001b[39m\n      \u001b[33mtransition\u001b[39m=\u001b[32m\"[object Object]\"\u001b[39m\n    \u001b[36m>\u001b[39m\n      \u001b[36m<header\u001b[39m\n        \u001b[33mclass\u001b[39m=\u001b[32m\"shrink-0 z-30 flex flex-col\"\u001b[39m\n      \u001b[36m>\u001b[39m\n        \u001b[36m<div\u001b[39m\n          \u001b[33mclass\u001b[39m=\u001b[32m\"flex items-center justify-between pr-4 bg-black/5 backdrop-blur-md border-b border-white/5\"\u001b[39m\n        \u001b[36m>\u001b[39m\n          \u001b[36m<div\u001b[39m\n            \u001b[33mdata-testid\u001b[39m=\u001b[32m\"status-bar-stub\"\u001b[39m\n          \u001b[36m/>\u001b[39m\n          \u001b[36m<div\u001b[39m\n            \u001b[33mclass\u001b[39m=\u001b[32m\"flex items-center gap-4 px-4 py-1.5 rounded-full bg-black/10 border border-white/5 shadow-inner\"\u001b[39m\n          \u001b[36m>\u001b[39m\n            \u001b[36m<div\u001b[39m\n              \u001b[33mclass\u001b[39m=\u001b[32m\"relative inline-block text-left select-none\"\u001b[39m\n            \u001b[36m>\u001b[39m\n              \u001b[36m<button\u001b[39m\n                \u001b[33mclass\u001b[39m=\u001b[32m\"flex items-center gap-2 px-3 py-1.5 rounded-full bg-white/5 hover:bg-white/10 border border-white/10 transition-all active:scale-95 text-xs text-ink-primary\"\u001b[39m\n                \u001b[33mtype\u001b[39m=\u001b[32m\"button\"\u001b[39m\n              \u001b[36m>\u001b[39m\n                \u001b[36m<svg\u001b[39m\n                  \u001b[33maria-hidden\u001b[39m=\u001b[32m\"true\"\u001b[39m\n                  \u001b[33mclass\u001b[39m=\u001b[32m\"lucide lucide-building2 lucide-building-2 text-amber-400\"\u001b[39m\n                  \u001b[33mfill\u001b[39m=\u001b[32m\"none\"\u001b[39m\n                  \u001b[33mheight\u001b[39m=\u001b[32m\"14\"\u001b[39m\n                  \u001b[33mstroke\u001b[39m=\u001b[32m\"currentColor\"\u001b[39m\n                  \u001b[33mstroke-linecap\u001b[39m=\u001b[32m\"round\"\u001b[39m\n                  \u001b[33mstroke-linejoin\u001b[39m=\u001b[32m\"round\"\u001b[39m\n                  \u001b[33mstroke-width\u001b[39m=\u001b[32m\"2\"\u001b[39m\n                  \u001b[33mviewBox\u001b[39m=\u001b[32m\"0 0 24 24\"\u001b[39m\n                  \u001b[33mwidth\u001b[39m=\u001b[32m\"14\"\u001b[39m\n                  \u001b[33mxmlns\u001b[39m=\u001b[32m\"http://www.w3.org/2000/svg\"\u001b[39m\n                \u001b[36m>\u001b[39m\n                  \u001b[36m<path\u001b[39m\n                    \u001b[33md\u001b[39m=\u001b[32m\"M10 12h4\"\u001b[39m\n                  \u001b[36m/>\u001b[39m\n                  \u001b[36m<path\u001b[39m\n                    \u001b[33md\u001b[39m=\u001b[32m\"M10 8h4\"\u001b[39m\n                  \u001b[36m/>\u001b[39m\n                  \u001b[36m<path\u001b[39m\n                    \u001b[33md\u001b[39m=\u001b[32m\"M14 21v-3a2 2 0 0 0-4 0v3\"\u001b[39m\n                  \u001b[36m/>\u001b[39m\n                  \u001b[36m<path\u001b[39m\n                    \u001b[33md\u001b[39m=\u001b[32m\"M6 10H4a2 2 0 0 0-2 2v7a2 2 0 0 0 2 2h16a2 2 0 0 0 2-2V9a2 2 0 0 0-2-2h-2\"\u001b[39m\n                  \u001b[36m/>\u001b[39m\n                  \u001b[36m<path\u001b[39m\n                    \u001b[33md\u001b[39m=\u001b[32m\"M6 21V5a2 2 0 0 1 2-2h8a2 2 0 0 1 2 2v16\"\u001b[39m\n                  \u001b[36m/>\u001b[39m\n                \u001b[36m</svg>\u001b[39m\n                \u001b[36m<span\u001b[39m\n                  \u001b[33mclass\u001b[39m=\u001b[32m\"font-medium tracking-wide\"\u001b[39m\n                \u001b[36m/>\u001b[39m\n                \u001b[36m<span\u001b[39m\n                  \u001b[33mclass\u001b[39m=\u001b[32m\"flex items-center gap-1 px-1.5 py-0.5 rounded-full text-[10px] font-semibold bg-amber-500/20 text-amber-300 border border-amber-500/30\"\u001b[39m\n                \u001b[36m>\u001b[39m\n                  \u001b[36m<svg\u001b[39m\n                    \u001b[33maria-hidden\u001b[39m=\u001b[32m\"true\"\u001b[39m\n                    \u001b[33mclass\u001b[39m=\u001b[32m\"lucide lucide-zap\"\u001b[39m\n                    \u001b[33mfill\u001b[39m=\u001b[32m\"none\"\u001b[39m\n                    \u001b[33mheight\u001b[39m=\u001b[32m\"10\"\u001b[39m\n                    \u001b[33mstroke\u001b[39m=\u001b[32m\"currentColor\"\u001b[39m\n                    \u001b[33mstroke-linecap\u001b[39m=\u001b[32m\"round\"\u001b[39m\n                    \u001b[33mstroke-linejoin\u001b[39m=\u001b[32m\"round\"\u001b[39m\n                    \u001b[33mstroke-width\u001b[39m=\u001b[32m\"2\"\u001b[39m\n                    \u001b[33mviewBox\u001b[39m=\u001b[32m\"0 0 24 24\"\u001b[39m\n                    \u001b[33mwidth\u001b[39m=\u001b[32m\"10\"\u001b[39m\n                    \u001b[33mxmlns\u001b[39m=\u001b[32m\"http://www.w3.org/2000/svg\"\u001b[39m\n                  \u001b[36m>\u001b[39m\n                    \u001b[36m<path\u001b[39m\n                      \u001b[33md\u001b[39m=\u001b[32m\"M4 14a1 1 0 0 1-.78-1.63l9.9-10.2a.5.5 0 0 1 .86.46l-1.92 6.02A1 1 0 0 0 13 10h7a1 1 0 0 1 .78 1.63l-9.9 10.2a.5.5 0 0 1-.86-.46l1.92-6.02A1 1 0 0 0 11 14z\"\u001b[39m\n                    \u001b[36m/>\u001b[39m\n                  \u001b[36m</svg>\u001b[39m\n                  \u001b[0mPRO\u001b[0m\n                \u001b[36m</span>\u001b[39m\n                \u001b[36m<svg\u001b[39m\n                  \u001b[33maria-hidden\u001b[39m=\u001b[32m\"true\"\u001b[39m\n                  \u001b[33mclass\u001b[39m=\u001b[32m\"lucide lucide-chevron-down transition-transform\"\u001b[39m\n                  \u001b[33mfill\u001b[39m=\u001b[32m\"none\"\u001b[39m\n                  \u001b[33mheight\u001b[39m=\u001b[32m\"12\"\u001b[39m\n                  \u001b[33mstroke\u001b[39m=\u001b[32m\"currentColor\"\u001b[39m\n                  \u001b[33mstroke-linecap\u001b[39m=\u001b[32m\"round\"\u001b[39m\n                  \u001b[33mstroke-linejoin\u001b[39m=\u001b[32m\"round\"\u001b[39m\n                  \u001b[33mstroke-width\u001b[39m=\u001b[32m\"2\"\u001b[39m\n                  \u001b[33mviewBox\u001b[39m=\u001b[32m\"0 0 24 24\"\u001b[39m\n                  \u001b[33mwidth\u001b[39m=\u001b[32m\"12\"\u001b[39m\n                  \u001b[33mxmlns\u001b[39m=\u001b[32m\"http://www.w3.org/2000/svg\"\u001b[39m\n                \u001b[36m>\u001b[39m\n                  \u001b[36m<path\u001b[39m\n                    \u001b[33md\u001b[39m=\u001b[32m\"m6 9 6 6 6-6\"\u001b[39m\n                  \u001b[36m/>\u001b[39m\n                \u001b[36m</svg>\u001b[39m\n              \u001b[36m</button>\u001b[39m\n            \u001b[36m</div>\u001b[39m\n            \u001b[36m<div\u001b[39m\n              \u001b[33mclass\u001b[39m=\u001b[32m\"flex flex-col border-l border-white/10 pl-3\"\u001b[39m\n            \u001b[36m>\u001b[39m\n              \u001b[36m<span\u001b[39m\n                \u001b[33mclass\u001b[39m=\u001b[32m\"text-[7px] text-neutral-500 uppercase font-bold tracking-widest leading-none mb-0.5\"\u001b[39m\n              \u001b[36m>\u001b[39m\n                \u001b[0mСтан_розуму\u001b[0m\n              \u001b[36m</span>\u001b[39m\n              \u001b[36m<span\u001b[39m\n                \u001b[33mclass\u001b[39m=\u001b[32m\"text-[10px] text-primary font-bold uppercase leading-none\"\u001b[39m\n              \u001b[36m>\u001b[39m\n                \u001b[0mОЧІКУВАННЯ\u001b[0m\n              \u001b[36m</span>\u001b[39m\n            \u001b[36m</div>\u001b[39m\n            \u001b[36m<div\u001b[39m\n              \u001b[33mclass\u001b[39m=\u001b[32m\"flex flex-col\"\u001b[39m\n            \u001b[36m>\u001b[39m\n              \u001b[36m<span\u001b[39m\n                \u001b[33mclass\u001b[39m=\u001b[32m\"text-[7px] text-neutral-500 uppercase font-bold tracking-widest leading-none mb-0.5\"\u001b[39m\n              \u001b[36m>\u001b[39m\n                \u001b[0mЕмпатія\u001b[0m\n              \u001b[36m</span>\u001b[39m\n              \u001b[36m<span\u001b[39m\n                \u001b[33mclass\u001b[39m=\u001b[32m\"text-[10px] text-ink-primary font-medium uppercase leading-none\"\u001b[39m\n              \u001b[36m>\u001b[39m\n                \u001b[0mСТАБІЛЬНИЙ\u001b[0m\n              \u001b[36m</span>\u001b[39m\n            \u001b[36m</div>\u001b[39m\n            \u001b[36m<div\u001b[39m\n              \u001b[33mclass\u001b[39m=\u001b[32m\"flex items-center gap-2 border-l border-white/10 pl-3\"\u001b[39m\n            \u001b[36m>\u001b[39m\n              \u001b[36m<svg\u001b[39m\n                \u001b[33maria-hidden\u001b[39m=\u001b[32m\"true\"\u001b[39m\n                \u001b[33mclass\u001b[39m=\u001b[32m\"lucide lucide-shield-c...\n    at Object.getElementError (/home/kyrylo/phantom_ai/PHANTOM_OS_BLUEPRINT/phantom-os/src/frontend/node_modules/@testing-library/dom/dist/config.js:37:19)\n    at /home/kyrylo/phantom_ai/PHANTOM_OS_BLUEPRINT/phantom-os/src/frontend/node_modules/@testing-library/dom/dist/query-helpers.js:76:38\n    at /home/kyrylo/phantom_ai/PHANTOM_OS_BLUEPRINT/phantom-os/src/frontend/node_modules/@testing-library/dom/dist/query-helpers.js:52:17\n    at /home/kyrylo/phantom_ai/PHANTOM_OS_BLUEPRINT/phantom-os/src/frontend/node_modules/@testing-library/dom/dist/query-helpers.js:95:19\n    at /home/kyrylo/phantom_ai/PHANTOM_OS_BLUEPRINT/phantom-os/src/frontend/src/__tests__/AgentV5.test.tsx:231:19\n    at file:///home/kyrylo/phantom_ai/PHANTOM_OS_BLUEPRINT/phantom-os/src/frontend/node_modules/@vitest/runner/dist/index.js:146:14\n    at file:///home/kyrylo/phantom_ai/PHANTOM_OS_BLUEPRINT/phantom-os/src/frontend/node_modules/@vitest/runner/dist/index.js:533:11\n    at runWithTimeout (file:///home/kyrylo/phantom_ai/PHANTOM_OS_BLUEPRINT/phantom-os/src/frontend/node_modules/@vitest/runner/dist/index.js:39:7)\n    at runTest (file:///home/kyrylo/phantom_ai/PHANTOM_OS_BLUEPRINT/phantom-os/src/frontend/node_modules/@vitest/runner/dist/index.js:1056:17)\n    at processTicksAndRejections (node:internal/process/task_queues:104:5)"],"meta":{}},{"ancestorTitles":["T4 — AgentLayoutGroup"],"fullName":"T4 — AgentLayoutGroup renders \"Агент / Екран оператора\" heading","status":"passed","title":"renders \"Агент / Екран оператора\" heading","duration":48.79112699999996,"failureMessages":[],"meta":{}},{"ancestorTitles":["T4 — AgentLayoutGroup"],"fullName":"T4 — AgentLayoutGroup renders both mode buttons","status":"passed","title":"renders both mode buttons","duration":10.103714999999738,"failureMessages":[],"meta":{}},{"ancestorTitles":["T4 — AgentLayoutGroup"],"fullName":"T4 — AgentLayoutGroup conversation button is aria-pressed when active","status":"passed","title":"conversation button is aria-pressed when active","duration":17.89555300000029,"failureMessages":[],"meta":{}},{"ancestorTitles":["T4 — AgentLayoutGroup"],"fullName":"T4 — AgentLayoutGroup telemetry button is NOT aria-pressed when conversation is active","status":"passed","title":"telemetry button is NOT aria-pressed when conversation is active","duration":8.00606499999958,"failureMessages":[],"meta":{}},{"ancestorTitles":["T4 — AgentLayoutGroup"],"fullName":"T4 — AgentLayoutGroup clicking telemetry calls onChange with correct key+value","status":"passed","title":"clicking telemetry calls onChange with correct key+value","duration":18.54478999999992,"failureMessages":[],"meta":{}},{"ancestorTitles":["T4 — AgentLayoutGroup"],"fullName":"T4 — AgentLayoutGroup clicking conversation calls onChange with correct key+value","status":"passed","title":"clicking conversation calls onChange with correct key+value","duration":13.043436000000384,"failureMessages":[],"meta":{}},{"ancestorTitles":["T4 — AgentLayoutGroup"],"fullName":"T4 — AgentLayou
[...]
1446100000021,"failureMessages":[],"meta":{}},{"ancestorTitles":["voiceApi.synthesize"],"fullName":"voiceApi.synthesize returns blob + engine header metadata","status":"passed","title":"returns blob + engine header metadata","duration":4.1174519999999575,"failureMessages":[],"meta":{}},{"ancestorTitles":["voiceApi.synthesize"],"fullName":"voiceApi.synthesize falls back to defaults when options omitted","status":"passed","title":"falls back to defaults when options omitted","duration":1.5444500000000971,"failureMessages":[],"meta":{}},{"ancestorTitles":["useVoiceRecorder"],"fullName":"useVoiceRecorder transitions idle → recording → idle on start/stop","status":"passed","title":"transitions idle → recording → idle on start/stop","duration":24.139267999999902,"failureMessages":[],"meta":{}},{"ancestorTitles":["useVoiceRecorder"],"fullName":"useVoiceRecorder surfaces an error if getUserMedia is missing","status":"passed","title":"surfaces an error if getUserMedia is missing","duration":3.4341300000000956,"failureMessages":[],"meta":{}},{"ancestorTitles":["useVoiceRecorder"],"fullName":"useVoiceRecorder cancel() returns to idle without producing a blob","status":"passed","title":"cancel() returns to idle without producing a blob","duration":3.030941999999868,"failureMessages":[],"meta":{}},{"ancestorTitles":["useVoiceRecorder"],"fullName":"useVoiceRecorder phase 11c.1.1: transitions to error if mic acquire hangs past 6s","status":"passed","title":"phase 11c.1.1: transitions to error if mic acquire hangs past 6s","duration":6.087293000000045,"failureMessages":[],"meta":{}},{"ancestorTitles":["useVoiceRecorder"],"fullName":"useVoiceRecorder phase 11c.1.1: transitions to error when mic acquire rejects","status":"passed","title":"phase 11c.1.1: transitions to error when mic acquire rejects","duration":3.51963499999988,"failureMessages":[],"meta":{}}],"startTime":1785317233296,"endTime":1785317233362.5195,"status":"passed","message":"","name":"/home/kyrylo/phantom_ai/PHANTOM_OS_BLUEPRINT/phantom-os/src/frontend/src/__tests__/voice.test.tsx"},{"assertionResults":[{"ancestorTitles":["useVoiceAlwaysOn — initial state"],"fullName":"useVoiceAlwaysOn — initial state stays in disabled when enabled=false (the default path for Phase 11b.1)","status":"passed","title":"stays in disabled when enabled=false (the default path for Phase 11b.1)","duration":53.05868200000009,"failureMessages":[],"meta":{}},{"ancestorTitles":["useVoiceAlwaysOn — initial state"],"fullName":"useVoiceAlwaysOn — initial state does not open a WS when enabled=false even if the consumer calls start() manually","status":"passed","title":"does not open a WS when enabled=false even if the consumer calls start() manually","duration":9.062919000000193,"failureMessages":[],"meta":{}},{"ancestorTitles":["useVoiceAlwaysOn — auth & media availability"],"fullName":"useVoiceAlwaysOn — auth & media availability sets error when no token is available","status":"passed","title":"sets error when no token is available","duration":11.833982000000105,"failureMessages":[],"meta":{}},{"ancestorTitles":["useVoiceAlwaysOn — auth & media availability"],"fullName":"useVoiceAlwaysOn — auth & media availability sets error when getUserMedia is unavailable","status":"passed","title":"sets error when getUserMedia is unavailable","duration":5.548671999999897,"failureMessages":[],"meta":{}},{"ancestorTitles":["useVoiceAlwaysOn — server event handling"],"fullName":"useVoiceAlwaysOn — server event handling ready event populates config fields and sets status","status":"passed","title":"ready event populates config fields and sets status","duration":10.096856000000116,"failureMessages":[],"meta":{}},{"ancestorTitles":["useVoiceAlwaysOn — server event handling"],"fullName":"useVoiceAlwaysOn — server event handling wake event fires onWake callback","status":"passed","title":"wake event fires onWake callback","duration":10.290956000000051,"failureMessages":[],"meta":{}},{"ancestorTitles":["useVoiceAlwaysOn — server event handling"],"fullName":"useVoiceAlwaysOn — server event handling final event fires onFinalTranscript with correct payload","status":"passed","title":"final event fires onFinalTranscript with correct payload","duration":10.684547000000066,"failureMessages":[],"meta":{}},{"ancestorTitles":["useVoiceAlwaysOn — server event handling"],"fullName":"useVoiceAlwaysOn — server event handling cooldown events surface through status","status":"passed","title":"cooldown events surface through status","duration":13.14087799999993,"failureMessages":[],"meta":{}},{"ancestorTitles":["useVoiceAlwaysOn — server event handling"],"fullName":"useVoiceAlwaysOn — server event handling error event surfaces the server message","status":"passed","title":"error event surfaces the server message","duration":9.553360999999995,"failureMessages":[],"meta":{}},{"ancestorTitles":["useVoiceAlwaysOn — outgoing commands"],"fullName":"useVoiceAlwaysOn — outgoing commands duck/unduck send JSON commands when WS is open","status":"passed","title":"duck/unduck send JSON commands when WS is open","duration":17.337350000000015,"failureMessages":[],"meta":{}},{"ancestorTitles":["useVoiceAlwaysOn — input mode arbitration"],"fullName":"useVoiceAlwaysOn — input mode arbitration suppresses wake callback when tap-to-talk owns the turn","status":"passed","title":"suppresses wake callback when tap-to-talk owns the turn","duration":12.59333700000002,"failureMessages":[],"meta":{}},{"ancestorTitles":["useVoiceAlwaysOn — input mode arbitration"],"fullName":"useVoiceAlwaysOn — input mode arbitration suppresses final callback when tap-to-talk owns the turn","status":"passed","title":"suppresses final callback when tap-to-talk owns the turn","duration":10.36595699999998,"failureMessages":[],"meta":{}},{"ancestorTitles":["useVoiceAlwaysOn — input mode arbitration"],"fullName":"useVoiceAlwaysOn — input mode arbitration wake in idle mode flips input mode to always_on","status":"passed","title":"wake in idle mode flips input mode to always_on","duration":15.066894000000048,"failureMessages":[],"meta":{}},{"ancestorTitles":["useVoiceAlwaysOn — singleton WS (Phase 12.0 Bug 1 fix)"],"fullName":"useVoiceAlwaysOn — singleton WS (Phase 12.0 Bug 1 fix) two concurrent consumers share one WebSocket and refcount = 2","status":"passed","title":"two concurrent consumers share one WebSocket and refcount = 2","duration":12.764695999999958,"failureMessages":[],"meta":{}},{"ancestorTitles":["useVoiceAlwaysOn — singleton WS (Phase 12.0 Bug 1 fix)"],"fullName":"useVoiceAlwaysOn — singleton WS (Phase 12.0 Bug 1 fix) two start() calls on the same harness instance do not duplicate the WS","status":"passed","title":"two start() calls on the same harness instance do not duplicate the WS","duration":12.714682999999923,"failureMessages":[],"meta":{}},{"ancestorTitles":["useVoiceAlwaysOn — singleton WS (Phase 12.0 Bug 1 fix)"],"fullName":"useVoiceAlwaysOn — singleton WS (Phase 12.0 Bug 1 fix) refcount drops to 0 and WS closes after the deferred grace window","status":"passed","title":"refcount drops to 0 and WS closes after the deferred grace window","duration":90.06364899999994,"failureMessages":[],"meta":{}},{"ancestorTitles":["useVoiceAlwaysOn — singleton WS (Phase 12.0 Bug 1 fix)"],"fullName":"useVoiceAlwaysOn — singleton WS (Phase 12.0 Bug 1 fix) Phase 12.4 — StrictMode unmount→remount within 50ms reuses the same WS","status":"passed","title":"Phase 12.4 — StrictMode unmount→remount within 50ms reuses the same WS","duration":106.24305200000003,"failureMessages":[],"meta":{}},{"ancestorTitles":["useVoiceAlwaysOn — singleton WS (Phase 12.0 Bug 1 fix)"],"fullName":"useVoiceAlwaysOn — singleton WS (Phase 12.0 Bug 1 fix) Phase 12.4 — full unmount with no remount eventually closes after grace","status":"passed","title":"Phase 12.4 — full unmount with no remount eventually closes after grace","duration":105.21470099999988,"failureMessages":[],"meta":{}},{"ancestorTitles":["useVoiceAlwaysOn — Phase 13b streaming partials"],"fullName":"useVoiceAlwaysOn — Phase 13b streaming partials partial event updates the visible partialTranscript","status":"passed","title":"partial event updates the visible partialTranscript","duration":19.87510300000031,"failureMessages":[],"meta":{}},{"ancestorTitles":["useVoiceAlwaysOn — Phase 13b streaming partials"],"fullName":"useVoiceAlwaysOn — Phase 13b streaming partials partial events are suppressed while tap-to-talk owns the turn","status":"passed","title":"partial events are suppressed while tap-to-talk owns the turn","duration":12.24204200000031,"failureMessages":[],"meta":{}},{"ancestorTitles":["useVoiceAlwaysOn — Phase 13b streaming partials"],"fullName":"useVoiceAlwaysOn — Phase 13b streaming partials vosk_fast final event is forwarded to onFinalTranscript with correct source","status":"passed","title":"vosk_fast final event is forwarded to onFinalTranscript with correct source","duration":12.640027999999802,"failureMessages":[],"meta":{}},{"ancestorTitles":["useVoiceAlwaysOn — Phase 13b streaming partials"],"fullName":"useVoiceAlwaysOn — Phase 13b streaming partials final_revised fires onRevisedTranscript callback (Whisper-quality)","status":"passed","title":"final_revised fires onRevisedTranscript callback (Whisper-quality)","duration":8.777738000000227,"failureMessages":[],"meta":{}},{"ancestorTitles":["useVoiceAlwaysOn — Phase 13b streaming partials"],"fullName":"useVoiceAlwaysOn — Phase 13b streaming partials final_revised is suppressed while tap-to-talk owns the turn","status":"passed","title":"final_revised is suppressed while tap-to-talk owns the turn","duration":12.563790000000154,"failureMessages":[],"meta":{}},{"ancestorTitles":["useVoiceAlwaysOn — Phase 13b streaming partials"],"fullName":"useVoiceAlwaysOn — Phase 13b streaming partials final_revised with non-string transcript is silently ignored","status":"passed","title":"final_revised with non-string transcript is silently ignored","duration":11.651198000000022,"failureMessages":[],"meta":{}}],"startTime":1785317233338,"endTime":1785317233932.6511,"status":"passed","message":"","name":"/home/kyrylo/phantom_ai/PHANTOM_OS_BLUEPRINT/phantom-os/src/frontend/src/__tests__/voiceAlwaysOn.test.tsx"},{"assertionResults":[{"ancestorTitles":["agentChat initial state"],"fullName":"agentChat initial state starts with empty thread","status":"passed","title":"starts with empty thread","duration":4.1069270000000415,"failureMessages":[],"meta":{}},{"ancestorTitles":["sendAgentMessage"],"fullName":"sendAgentMessage appends user message optimistically and resolves assistant reply","status":"passed","title":"appends user message optimistically and resolves assistant reply","duration":3.174820999999838,"failureMessages":[],"meta":{}},{"ancestorTitles":["sendAgentMessage"],"fullName":"sendAgentMessage sets streaming=true during the call and false after","status":"passed","title":"sets streaming=true during the call and false after","duration":0.8317219999998997,"failureMessages":[],"meta":{}},{"ancestorTitles":["sendAgentMessage"],"fullName":"sendAgentMessage clears streaming on API error and rethrows","status":"passed","title":"clears streaming on API error and rethrows","duration":2.394064999999955,"failureMessages":[],"meta":{}},{"ancestorTitles":["sendAgentMessage"],"fullName":"sendAgentMessage passes existing threadId to parallelChat when thread already open","status":"passed","title":"passes existing threadId to parallelChat when thread already open","duration":1.0703989999999521,"failureMessages":[],"meta":{}},{"ancestorTitles":["loadAgentThread"],"fullName":"loadAgentThread hydrates messages from REST response","status":"passed","title":"hydrates messages from REST response","duration":1.7581860000000233,"failureMessages":[],"meta":{}},{"ancestorTitles":["loadAgentThread"],"fullName":"loadAgentThread silently ignores network errors","status":"passed","title":"silently ignores network errors","duration":9.00668799999994,"failureMessages":[],"meta":{}},{"ancestorTitles":["clearAgentChat"],"fullName":"clearAgentChat resets thread to initial empty state","status":"passed","title":"resets thread to initial empty state","duration":1.179553000000169,"failureMessages":[],"meta":{}},{"ancestorTitles":["reset() clears agentChat"],"fullName":"reset() clears agentChat wipes agentChat on full store reset","status":"passed","title":"wipes agentChat on full store reset","duration":1.2773620000000392,"failureMessages":[],"meta":{}},{"ancestorTitles":["handleEvent — WS chat events"],"fullName":"handleEvent — WS chat events agent.chat.user_message appends a user turn","status":"passed","title":"agent.chat.user_message appends a user turn","duration":2.744739999999865,"failureMessages":[],"meta":{}},{"ancestorTitles":["handleEvent — WS chat events"],"fullName":"handleEvent — WS chat events agent.chat.reply appends an assistant turn and clears streaming","status":"passed","title":"agent.chat.reply appends an assistant turn and clears streaming","duration":1.087118000000146,"failureMessages":[],"meta":{}},{"ancestorTitles":["handleEvent — WS chat events"],"fullName":"handleEvent — WS chat events WS events accumulate correctly across user+reply pair","status":"passed","title":"WS events accumulate correctly across user+reply pair","duration":0.7361999999998261,"failureMessages":[],"meta":{}},{"ancestorTitles":["handleEvent — WS chat events"],"fullName":"handleEvent — WS chat events ignores agent.chat.user_message with empty content","status":"passed","title":"ignores agent.chat.user_message with empty content","duration":0.6005310000000463,"failureMessages":[],"meta":{}}],"startTime":1785317235694,"endTime":1785317235726.6006,"status":"passed","message":"","name":"/home/kyrylo/phantom_ai/PHANTOM_OS_BLUEPRINT/phantom-os/src/frontend/src/stores/__tests__/agentStore.agentChat.test.ts"},{"assertionResults":[{"ancestorTitles":["SceneArtifactPanel"],"fullName":"SceneArtifactPanel mounts a script-only sandbox with NO allow-same-origin","status":"passed","title":"mounts a script-only sandbox with NO allow-same-origin","duration":115.55024500000013,"failureMessages":[],"meta":{}},{"ancestorTitles":["SceneArtifactPanel"],"fullName":"SceneArtifactPanel injects a CSP that forbids network","status":"passed","title":"injects a CSP that forbids network","duration":29.335450000000037,"failureMessages":[],"meta":{}},{"ancestorTitles":["SceneArtifactPanel"],"fullName":"SceneArtifactPanel kill switch unmounts the iframe","status":"passed","title":"kill switch unmounts the iframe","duration":39.19776400000001,"failureMessages":[],"meta":{}},{"ancestorTitles":["SceneArtifactPanel"],"fullName":"SceneArtifactPanel renders a wide landscape surface by default (not phone-sized)","status":"passed","title":"renders a wide landscape surface by default (not phone-sized)","duration":28.95053299999995,"failureMessages":[],"meta":{}},{"ancestorTitles":["SceneArtifactPanel"],"fullName":"SceneArtifactPanel expand rides a body portal — fixed fullscreen immune to transformed ancestors","status":"passed","title":"expand rides a body portal — fixed fullscreen immune to transformed ancestors","duration":93.19885799999997,"failureMessages":[],"meta":{}},{"ancestorTitles":["SceneArtifactPanel"],"fullName":"SceneArtifactPanel Escape collapses the fullscreen surface","status":"passed","title":"Escape collapses the fullscreen surface","duration":62.025202000000036,"failureMessages":[],"meta":{}},{"ancestorTitles":["SceneArtifactPanel"],"fullName":"SceneArtifactPanel clamped auto-height follows the artifact height report","status":"passed","title":"clamped auto-height follows the artifact height report","duration":36.712594999999965,"failureMessages":[],"meta":{}}],"startTime":1785317239355,"endTime":1785317239759.7126,"status":"passed","message":"","name":"/home/kyrylo/phantom_ai/PHANTOM_OS_BLUEPRINT/phantom-os/src/frontend/src/components/chat/scenes/__tests__/SceneArtifactPanel.test.tsx"},{"assertionResults":[{"ancestorTitles":[],"fullName":"renders an artifact panel via the composer","status":"passed","title":"renders an artifact panel via the composer","duration":82.12842,"failureMessages":[],"meta":{}}],"startTime":1785317242861,"endTime":1785317242943.1284,"status":"passed","message":"","name":"/home/kyrylo/phantom_ai/PHANTOM_OS_BLUEPRINT/phantom-os/src/frontend/src/components/chat/scenes/__tests__/SceneComposer.artifact.test.tsx"},{"assertionResults":[{"ancestorTitles":["ArtifactBroker"],"fullName":"ArtifactBroker ignores messages whose source is not the bound iframe","status":"passed","title":"ignores messages whose source is not the bound iframe","duration":8.015445,"failureMessages":[],"meta":{}},{"ancestorTitles":["ArtifactBroker"],"fullName":"ArtifactBroker rejects a read key outside the allowlist","status":"passed","title":"rejects a read key outside the allowlist","duration":7.2866690000000744,"failureMessages":[],"meta":{}},{"ancestorTitles":["ArtifactBroker"],"fullName":"ArtifactBroker rejects a read whose capability was not declared","status":"passed","title":"rejects a read whose capability was not declared","duration":1.3906970000000456,"failureMessages":[],"meta":{}},{"ancestorTitles":["ArtifactBroker"],"fullName":"ArtifactBroker proxies an action to /chat/artifact-action when action:tools granted","status":"passed","title":"proxies an action to /chat/artifact-action when action:tools granted","duration":5.22105600000009,"failureMessages":[],"meta":{}}],"startTime":1785317240562,"endTime":1785317240584.221,"status":"passed","message":"","name":"/home/kyrylo/phantom_ai/PHANTOM_OS_BLUEPRINT/phantom-os/src/frontend/src/components/chat/scenes/__tests__/artifactBroker.test.ts"},{"assertionResults":[{"ancestorTitles":["WorkbenchScene"],"fullName":"WorkbenchScene renders building state with live phase strip","status":"passed","title":"renders building state with live phase strip","duration":104.32927399999994,"failureMessages":[],"meta":{}},{"ancestorTitles":["WorkbenchScene"],"fullName":"WorkbenchScene follows workbench.phase events for its own id only","status":"passed","title":"follows workbench.phase events for its own id only","duration":30.81647399999997,"failureMessages":[],"meta":{}},{"ancestorTitles":["WorkbenchScene"],"fullName":"WorkbenchScene records verdicts and flips to ready","status":"passed","title":"records verdicts and flips to ready","duration":83.36133999999993,"failureMessages":[],"meta":{}},{"ancestorTitles":["WorkbenchScene"],"fullName":"WorkbenchScene shows failure state","status":"passed","title":"shows failure state","duration":23.380280000000084,"failureMessages":[],"meta":{}},{"ancestorTitles":["WorkbenchScene"],"fullName":"WorkbenchScene ready scene renders past passes without ws subscription","status":"passed","title":"ready scene renders past passes without ws subscription","duration":34.78794800000014,"failureMessages":[],"meta":{}},{"ancestorTitles":["ArtifactBroker feed:live (W3)"],"fullName":"ArtifactBroker feed:live (W3) forbids subscribe without feed:live capability","status":"passed","title":"forbids subscribe without feed:live capability","duration":4.3928809999999885,"failureMessages":[],"meta":{}},{"ancestorTitles":["ArtifactBroker feed:live (W3)"],"fullName":"ArtifactBroker feed:live (W3) forbids channels outside the curated list","status":"passed","title":"forbids channels outside the curated list","duration":1.4431540000000496,"failureMessages":[],"meta":{}},{"ancestorTitles":["ArtifactBroker feed:live (W3)"],"fullName":"ArtifactBroker feed:live (W3) bridges ws messages into the iframe as phantom.feed and stops on detach","status":"passed","title":"bridges ws messages into the iframe as phantom.feed and stops on detach","duration":3.418971000000056,"failureMessages":[],"meta":{}}],"startTime":1785317237666,"endTime":1785317237953.419,"status":"passed","message":"","name":"/home/kyrylo/phantom_ai/PHANTOM_OS_BLUEPRINT/phantom-os/src/frontend/src/components/chat/scenes/__tests__/workbench.test.tsx"}]}
